# JRE version: OpenJDK Runtime Environment (11.0.8+10) (build 11.0.8+10-b944.6842174)
# Java VM: OpenJDK 64-Bit Server VM (11.0.8+10-b944.6842174, mixed mode, tiered, compressed oops, g1 gc, windows-amd64)
Heap:
 garbage-first heap   total 187392K, used 126413K [0x0000000080000000, 0x0000000100000000)
  region size 1024K, 30 young (30720K), 3 survivors (3072K)
 Metaspace       used 138129K, capacity 141257K, committed 141660K, reserved 1173504K
  class space    used 17216K, capacity 18323K, committed 18432K, reserved 1048576K
GC Heap History (20 events):
Event: 64.160 GC heap before
{Heap before GC invocations=36 (full 0):
 garbage-first heap   total 187392K, used 147893K [0x0000000080000000, 0x0000000100000000)
  region size 1024K, 53 young (54272K), 2 survivors (2048K)
 Metaspace       used 108765K, capacity 111525K, committed 111708K, reserved 1146880K
  class space    used 13335K, capacity 14321K, committed 14336K, reserved 1048576K
}
Event: 64.165 GC heap after
{Heap after GC invocations=37 (full 0):
 garbage-first heap   total 187392K, used 100052K [0x0000000080000000, 0x0000000100000000)
  region size 1024K, 6 young (6144K), 6 survivors (6144K)
 Metaspace       used 108765K, capacity 111525K, committed 111708K, reserved 1146880K
  class space    used 13335K, capacity 14321K, committed 14336K, reserved 1048576K
}
Event: 64.200 GC heap before
{Heap before GC invocations=37 (full 0):
 garbage-first heap   total 187392K, used 103124K [0x0000000080000000, 0x0000000100000000)
  region size 1024K, 9 young (9216K), 6 survivors (6144K)
 Metaspace       used 108870K, capacity 111589K, committed 111708K, reserved 1146880K
  class space    used 13344K, capacity 14321K, committed 14336K, reserved 1048576K
}
Event: 64.208 GC heap after
{Heap after GC invocations=38 (full 0):
 garbage-first heap   total 187392K, used 91492K [0x0000000080000000, 0x0000000100000000)
  region size 1024K, 1 young (1024K), 1 survivors (1024K)
 Metaspace       used 108870K, capacity 111589K, committed 111708K, reserved 1146880K
  class space    used 13344K, capacity 14321K, committed 14336K, reserved 1048576K
}
Event: 65.219 GC heap before
{Heap before GC invocations=38 (full 0):
 garbage-first heap   total 187392K, used 146788K [0x0000000080000000, 0x0000000100000000)
  region size 1024K, 55 young (56320K), 1 survivors (1024K)
 Metaspace       used 109441K, capacity 112149K, committed 112348K, reserved 1146880K
  class space    used 13407K, capacity 14358K, committed 14464K, reserved 1048576K
}
Event: 65.224 GC heap after
{Heap after GC invocations=39 (full 0):
 garbage-first heap   total 187392K, used 91418K [0x0000000080000000, 0x0000000100000000)
  region size 1024K, 1 young (1024K), 1 survivors (1024K)
 Metaspace       used 109441K, capacity 112149K, committed 112348K, reserved 1146880K
  class space    used 13407K, capacity 14358K, committed 14464K, reserved 1048576K
}
Event: 66.170 GC heap before
{Heap before GC invocations=40 (full 0):
 garbage-first heap   total 187392K, used 147738K [0x0000000080000000, 0x0000000100000000)
  region size 1024K, 58 young (59392K), 1 survivors (1024K)
 Metaspace       used 109441K, capacity 112149K, committed 112348K, reserved 1146880K
  class space    used 13407K, capacity 14358K, committed 14464K, reserved 1048576K
}
Event: 66.172 GC heap after
{Heap after GC invocations=41 (full 0):
 garbage-first heap   total 187392K, used 89318K [0x0000000080000000, 0x0000000100000000)
  region size 1024K, 1 young (1024K), 1 survivors (1024K)
 Metaspace       used 109441K, capacity 112149K, committed 112348K, reserved 1146880K
  class space    used 13407K, capacity 14358K, committed 14464K, reserved 1048576K
}
Event: 66.311 GC heap before
{Heap before GC invocations=41 (full 0):
 garbage-first heap   total 187392K, used 97510K [0x0000000080000000, 0x0000000100000000)
  region size 1024K, 9 young (9216K), 1 survivors (1024K)
 Metaspace       used 109441K, capacity 112149K, committed 112348K, reserved 1146880K
  class space    used 13407K, capacity 14358K, committed 14464K, reserved 1048576K
}
Event: 66.314 GC heap after
{Heap after GC invocations=42 (full 0):
 garbage-first heap   total 187392K, used 87308K [0x0000000080000000, 0x0000000100000000)
  region size 1024K, 1 young (1024K), 1 survivors (1024K)
 Metaspace       used 109441K, capacity 112149K, committed 112348K, reserved 1146880K
  class space    used 13407K, capacity 14358K, committed 14464K, reserved 1048576K
}
Event: 67.323 GC heap before
{Heap before GC invocations=42 (full 0):
 garbage-first heap   total 187392K, used 149772K [0x0000000080000000, 0x0000000100000000)
  region size 1024K, 62 young (63488K), 1 survivors (1024K)
 Metaspace       used 112611K, capacity 115445K, committed 115804K, reserved 1150976K
  class space    used 13742K, capacity 14727K, committed 14848K, reserved 1048576K
}
Event: 67.325 GC heap after
{Heap after GC invocations=43 (full 0):
 garbage-first heap   total 187392K, used 87584K [0x0000000080000000, 0x0000000100000000)
  region size 1024K, 1 young (1024K), 1 survivors (1024K)
 Metaspace       used 112611K, capacity 115445K, committed 115804K, reserved 1150976K
  class space    used 13742K, capacity 14727K, committed 14848K, reserved 1048576K
}
Event: 67.390 GC heap before
{Heap before GC invocations=43 (full 0):
 garbage-first heap   total 187392K, used 89632K [0x0000000080000000, 0x0000000100000000)
  region size 1024K, 4 young (4096K), 1 survivors (1024K)
 Metaspace       used 113527K, capacity 116328K, committed 116572K, reserved 1150976K
  class space    used 13854K, capacity 14830K, committed 14848K, reserved 1048576K
}
Event: 67.392 GC heap after
{Heap after GC invocations=44 (full 0):
 garbage-first heap   total 187392K, used 87675K [0x0000000080000000, 0x0000000100000000)
  region size 1024K, 1 young (1024K), 1 survivors (1024K)
 Metaspace       used 113527K, capacity 116328K, committed 116572K, reserved 1150976K
  class space    used 13854K, capacity 14830K, committed 14848K, reserved 1048576K
}
Event: 67.662 GC heap before
{Heap before GC invocations=45 (full 0):
 garbage-first heap   total 187392K, used 105083K [0x0000000080000000, 0x0000000100000000)
  region size 1024K, 17 young (17408K), 1 survivors (1024K)
 Metaspace       used 116589K, capacity 119348K, committed 119516K, reserved 1153024K
  class space    used 14213K, capacity 15227K, committed 15232K, reserved 1048576K
}
Event: 67.667 GC heap after
{Heap after GC invocations=46 (full 0):
 garbage-first heap   total 187392K, used 90857K [0x0000000080000000, 0x0000000100000000)
  region size 1024K, 2 young (2048K), 2 survivors (2048K)
 Metaspace       used 116589K, capacity 119348K, committed 119516K, reserved 1153024K
  class space    used 14213K, capacity 15227K, committed 15232K, reserved 1048576K
}
Event: 68.337 GC heap before
{Heap before GC invocations=47 (full 0):
 garbage-first heap   total 187392K, used 133865K [0x0000000080000000, 0x0000000100000000)
  region size 1024K, 42 young (43008K), 2 survivors (2048K)
 Metaspace       used 123519K, capacity 126580K, committed 126812K, reserved 1161216K
  class space    used 15081K, capacity 16120K, committed 16128K, reserved 1048576K
}
Event: 68.343 GC heap after
{Heap after GC invocations=48 (full 0):
 garbage-first heap   total 187392K, used 97655K [0x0000000080000000, 0x0000000100000000)
  region size 1024K, 6 young (6144K), 6 survivors (6144K)
 Metaspace       used 123519K, capacity 126580K, committed 126812K, reserved 1161216K
  class space    used 15081K, capacity 16120K, committed 16128K, reserved 1048576K
}
Event: 69.103 GC heap before
{Heap before GC invocations=48 (full 0):
 garbage-first heap   total 187392K, used 132471K [0x0000000080000000, 0x0000000100000000)
  region size 1024K, 41 young (41984K), 6 survivors (6144K)
 Metaspace       used 133932K, capacity 137060K, committed 137308K, reserved 1169408K
  class space    used 16717K, capacity 17822K, committed 17920K, reserved 1048576K
}
Event: 69.115 GC heap after
{Heap after GC invocations=49 (full 0):
 garbage-first heap   total 187392K, used 97741K [0x0000000080000000, 0x0000000100000000)
  region size 1024K, 3 young (3072K), 3 survivors (3072K)
 Metaspace       used 133932K, capacity 137060K, committed 137308K, reserved 1169408K
  class space    used 16717K, capacity 17822K, committed 17920K, reserved 1048576K
}

