# JRE version: OpenJDK Runtime Environment (11.0.8+10) (build 11.0.8+10-b944.6842174)
# Java VM: OpenJDK 64-Bit Server VM (11.0.8+10-b944.6842174, mixed mode, tiered, compressed oops, g1 gc, windows-amd64)
Heap:
 garbage-first heap   total 369664K, used 176595K [0x0000000080000000, 0x0000000100000000)
  region size 1024K, 5 young (5120K), 5 survivors (5120K)
 Metaspace       used 129886K, capacity 132782K, committed 133140K, reserved 1165312K
  class space    used 16368K, capacity 17424K, committed 17520K, reserved 1048576K
GC Heap History (20 events):
Event: 22.013 GC heap after
{Heap after GC invocations=29 (full 0):
 garbage-first heap   total 187392K, used 100340K [0x0000000080000000, 0x0000000100000000)
  region size 1024K, 8 young (8192K), 8 survivors (8192K)
 Metaspace       used 127919K, capacity 130736K, committed 131092K, reserved 1163264K
  class space    used 16118K, capacity 17134K, committed 17264K, reserved 1048576K
}
Event: 22.304 GC heap before
{Heap before GC invocations=30 (full 0):
 garbage-first heap   total 187392K, used 152564K [0x0000000080000000, 0x0000000100000000)
  region size 1024K, 57 young (58368K), 8 survivors (8192K)
 Metaspace       used 129324K, capacity 132244K, committed 132500K, reserved 1165312K
  class space    used 16328K, capacity 17359K, committed 17392K, reserved 1048576K
}
Event: 22.311 GC heap after
{Heap after GC invocations=31 (full 0):
 garbage-first heap   total 187392K, used 111327K [0x0000000080000000, 0x0000000100000000)
  region size 1024K, 8 young (8192K), 8 survivors (8192K)
 Metaspace       used 129324K, capacity 132244K, committed 132500K, reserved 1165312K
  class space    used 16328K, capacity 17359K, committed 17392K, reserved 1048576K
}
Event: 22.578 GC heap before
{Heap before GC invocations=31 (full 0):
 garbage-first heap   total 187392K, used 152287K [0x0000000080000000, 0x0000000100000000)
  region size 1024K, 48 young (49152K), 8 survivors (8192K)
 Metaspace       used 129842K, capacity 132733K, committed 132884K, reserved 1165312K
  class space    used 16376K, capacity 17414K, committed 17520K, reserved 1048576K
}
Event: 22.615 GC heap after
{Heap after GC invocations=32 (full 0):
 garbage-first heap   total 187392K, used 121555K [0x0000000080000000, 0x0000000100000000)
  region size 1024K, 6 young (6144K), 6 survivors (6144K)
 Metaspace       used 129842K, capacity 132733K, committed 132884K, reserved 1165312K
  class space    used 16376K, capacity 17414K, committed 17520K, reserved 1048576K
}
Event: 22.849 GC heap before
{Heap before GC invocations=32 (full 0):
 garbage-first heap   total 187392K, used 152275K [0x0000000080000000, 0x0000000100000000)
  region size 1024K, 37 young (37888K), 6 survivors (6144K)
 Metaspace       used 129873K, capacity 132744K, committed 132884K, reserved 1165312K
  class space    used 16377K, capacity 17416K, committed 17520K, reserved 1048576K
}
Event: 22.875 GC heap after
{Heap after GC invocations=33 (full 0):
 garbage-first heap   total 187392K, used 129266K [0x0000000080000000, 0x0000000100000000)
  region size 1024K, 5 young (5120K), 5 survivors (5120K)
 Metaspace       used 129873K, capacity 132744K, committed 132884K, reserved 1165312K
  class space    used 16377K, capacity 17416K, committed 17520K, reserved 1048576K
}
Event: 23.073 GC heap before
{Heap before GC invocations=34 (full 0):
 garbage-first heap   total 187392K, used 152818K [0x0000000080000000, 0x0000000100000000)
  region size 1024K, 29 young (29696K), 5 survivors (5120K)
 Metaspace       used 129919K, capacity 132861K, committed 133140K, reserved 1165312K
  class space    used 16384K, capacity 17454K, committed 17520K, reserved 1048576K
}
Event: 23.099 GC heap after
{Heap after GC invocations=35 (full 0):
 garbage-first heap   total 187392K, used 138240K [0x0000000080000000, 0x0000000100000000)
  region size 1024K, 4 young (4096K), 4 survivors (4096K)
 Metaspace       used 129919K, capacity 132861K, committed 133140K, reserved 1165312K
  class space    used 16384K, capacity 17454K, committed 17520K, reserved 1048576K
}
Event: 23.209 GC heap before
{Heap before GC invocations=35 (full 0):
 garbage-first heap   total 187392K, used 154624K [0x0000000080000000, 0x0000000100000000)
  region size 1024K, 21 young (21504K), 4 survivors (4096K)
 Metaspace       used 129936K, capacity 132865K, committed 133140K, reserved 1165312K
  class space    used 16384K, capacity 17454K, committed 17520K, reserved 1048576K
}
Event: 23.224 GC heap after
{Heap after GC invocations=36 (full 0):
 garbage-first heap   total 187392K, used 143281K [0x0000000080000000, 0x0000000100000000)
  region size 1024K, 3 young (3072K), 3 survivors (3072K)
 Metaspace       used 129936K, capacity 132865K, committed 133140K, reserved 1165312K
  class space    used 16384K, capacity 17454K, committed 17520K, reserved 1048576K
}
Event: 23.434 GC heap before
{Heap before GC invocations=36 (full 0):
 garbage-first heap   total 187392K, used 157617K [0x0000000080000000, 0x0000000100000000)
  region size 1024K, 17 young (17408K), 3 survivors (3072K)
 Metaspace       used 129936K, capacity 132865K, committed 133140K, reserved 1165312K
  class space    used 16384K, capacity 17454K, committed 17520K, reserved 1048576K
}
Event: 23.450 GC heap after
{Heap after GC invocations=37 (full 0):
 garbage-first heap   total 245760K, used 146688K [0x0000000080000000, 0x0000000100000000)
  region size 1024K, 3 young (3072K), 3 survivors (3072K)
 Metaspace       used 129936K, capacity 132865K, committed 133140K, reserved 1165312K
  class space    used 16384K, capacity 17454K, committed 17520K, reserved 1048576K
}
Event: 23.799 GC heap before
{Heap before GC invocations=38 (full 0):
 garbage-first heap   total 245760K, used 173312K [0x0000000080000000, 0x0000000100000000)
  region size 1024K, 30 young (30720K), 3 survivors (3072K)
 Metaspace       used 129885K, capacity 132782K, committed 133140K, reserved 1165312K
  class space    used 16368K, capacity 17424K, committed 17520K, reserved 1048576K
}
Event: 23.814 GC heap after
{Heap after GC invocations=39 (full 0):
 garbage-first heap   total 245760K, used 152435K [0x0000000080000000, 0x0000000100000000)
  region size 1024K, 5 young (5120K), 5 survivors (5120K)
 Metaspace       used 129885K, capacity 132782K, committed 133140K, reserved 1165312K
  class space    used 16368K, capacity 17424K, committed 17520K, reserved 1048576K
}
Event: 24.017 GC heap before
{Heap before GC invocations=39 (full 0):
 garbage-first heap   total 245760K, used 188275K [0x0000000080000000, 0x0000000100000000)
  region size 1024K, 37 young (37888K), 5 survivors (5120K)
 Metaspace       used 129885K, capacity 132782K, committed 133140K, reserved 1165312K
  class space    used 16368K, capacity 17424K, committed 17520K, reserved 1048576K
}
Event: 24.040 GC heap after
{Heap after GC invocations=40 (full 0):
 garbage-first heap   total 245760K, used 163070K [0x0000000080000000, 0x0000000100000000)
  region size 1024K, 5 young (5120K), 5 survivors (5120K)
 Metaspace       used 129885K, capacity 132782K, committed 133140K, reserved 1165312K
  class space    used 16368K, capacity 17424K, committed 17520K, reserved 1048576K
}
Event: 24.202 GC heap before
{Heap before GC invocations=41 (full 0):
 garbage-first heap   total 245760K, used 193790K [0x0000000080000000, 0x0000000100000000)
  region size 1024K, 35 young (35840K), 5 survivors (5120K)
 Metaspace       used 129886K, capacity 132782K, committed 133140K, reserved 1165312K
  class space    used 16368K, capacity 17424K, committed 17520K, reserved 1048576K
}
Event: 24.222 GC heap after
{Heap after GC invocations=42 (full 0):
 garbage-first heap   total 245760K, used 169984K [0x0000000080000000, 0x0000000100000000)
  region size 1024K, 5 young (5120K), 5 survivors (5120K)
 Metaspace       used 129886K, capacity 132782K, committed 133140K, reserved 1165312K
  class space    used 16368K, capacity 17424K, committed 17520K, reserved 1048576K
}
Event: 24.326 GC heap before
{Heap before GC invocations=42 (full 0):
 garbage-first heap   total 245760K, used 198656K [0x0000000080000000, 0x0000000100000000)
  region size 1024K, 33 young (33792K), 5 survivors (5120K)
 Metaspace       used 129886K, capacity 132782K, committed 133140K, reserved 1165312K
  class space    used 16368K, capacity 17424K, committed 17520K, reserved 1048576K
}

