# JRE version: OpenJDK Runtime Environment (11.0.8+10) (build 11.0.8+10-b944.6842174)
# Java VM: OpenJDK 64-Bit Server VM (11.0.8+10-b944.6842174, mixed mode, tiered, compressed oops, g1 gc, windows-amd64)
Heap:
 garbage-first heap   total 801792K, used 224799K [0x0000000080000000, 0x0000000100000000)
  region size 1024K, 16 young (16384K), 16 survivors (16384K)
 Metaspace       used 137961K, capacity 140983K, committed 141200K, reserved 1171456K
  class space    used 17198K, capacity 18326K, committed 18432K, reserved 1048576K
GC Heap History (20 events):
Event: 50.790 GC heap after
{Heap after GC invocations=43 (full 0):
 garbage-first heap   total 187392K, used 135659K [0x0000000080000000, 0x0000000100000000)
  region size 1024K, 4 young (4096K), 4 survivors (4096K)
 Metaspace       used 135318K, capacity 138232K, committed 138512K, reserved 1169408K
  class space    used 16913K, capacity 17965K, committed 18048K, reserved 1048576K
}
Event: 50.863 GC heap before
{Heap before GC invocations=43 (full 0):
 garbage-first heap   total 187392K, used 155115K [0x0000000080000000, 0x0000000100000000)
  region size 1024K, 23 young (23552K), 4 survivors (4096K)
 Metaspace       used 135280K, capacity 138164K, committed 138512K, reserved 1169408K
  class space    used 16899K, capacity 17940K, committed 18048K, reserved 1048576K
}
Event: 50.874 GC heap after
{Heap after GC invocations=44 (full 0):
 garbage-first heap   total 187392K, used 142721K [0x0000000080000000, 0x0000000100000000)
  region size 1024K, 3 young (3072K), 3 survivors (3072K)
 Metaspace       used 135280K, capacity 138164K, committed 138512K, reserved 1169408K
  class space    used 16899K, capacity 17940K, committed 18048K, reserved 1048576K
}
Event: 50.953 GC heap before
{Heap before GC invocations=45 (full 0):
 garbage-first heap   total 187392K, used 156033K [0x0000000080000000, 0x0000000100000000)
  region size 1024K, 17 young (17408K), 3 survivors (3072K)
 Metaspace       used 135324K, capacity 138185K, committed 138512K, reserved 1169408K
  class space    used 16906K, capacity 17946K, committed 18048K, reserved 1048576K
}
Event: 50.962 GC heap after
{Heap after GC invocations=46 (full 0):
 garbage-first heap   total 256000K, used 147979K [0x0000000080000000, 0x0000000100000000)
  region size 1024K, 3 young (3072K), 3 survivors (3072K)
 Metaspace       used 135324K, capacity 138185K, committed 138512K, reserved 1169408K
  class space    used 16906K, capacity 17946K, committed 18048K, reserved 1048576K
}
Event: 50.997 GC heap before
{Heap before GC invocations=46 (full 0):
 garbage-first heap   total 256000K, used 157195K [0x0000000080000000, 0x0000000100000000)
  region size 1024K, 12 young (12288K), 3 survivors (3072K)
 Metaspace       used 135331K, capacity 138188K, committed 138512K, reserved 1169408K
  class space    used 16906K, capacity 17946K, committed 18048K, reserved 1048576K
}
Event: 51.003 GC heap after
{Heap after GC invocations=47 (full 0):
 garbage-first heap   total 256000K, used 148590K [0x0000000080000000, 0x0000000100000000)
  region size 1024K, 2 young (2048K), 2 survivors (2048K)
 Metaspace       used 135331K, capacity 138188K, committed 138512K, reserved 1169408K
  class space    used 16906K, capacity 17946K, committed 18048K, reserved 1048576K
}
Event: 51.123 GC heap before
{Heap before GC invocations=47 (full 0):
 garbage-first heap   total 256000K, used 185454K [0x0000000080000000, 0x0000000100000000)
  region size 1024K, 38 young (38912K), 2 survivors (2048K)
 Metaspace       used 135342K, capacity 138189K, committed 138512K, reserved 1169408K
  class space    used 16906K, capacity 17946K, committed 18048K, reserved 1048576K
}
Event: 51.134 GC heap after
{Heap after GC invocations=48 (full 0):
 garbage-first heap   total 256000K, used 156753K [0x0000000080000000, 0x0000000100000000)
  region size 1024K, 5 young (5120K), 5 survivors (5120K)
 Metaspace       used 135342K, capacity 138189K, committed 138512K, reserved 1169408K
  class space    used 16906K, capacity 17946K, committed 18048K, reserved 1048576K
}
Event: 51.274 GC heap before
{Heap before GC invocations=48 (full 0):
 garbage-first heap   total 256000K, used 194641K [0x0000000080000000, 0x0000000100000000)
  region size 1024K, 40 young (40960K), 5 survivors (5120K)
 Metaspace       used 135342K, capacity 138189K, committed 138512K, reserved 1169408K
  class space    used 16906K, capacity 17946K, committed 18048K, reserved 1048576K
}
Event: 51.287 GC heap after
{Heap after GC invocations=49 (full 0):
 garbage-first heap   total 256000K, used 167133K [0x0000000080000000, 0x0000000100000000)
  region size 1024K, 5 young (5120K), 5 survivors (5120K)
 Metaspace       used 135342K, capacity 138189K, committed 138512K, reserved 1169408K
  class space    used 16906K, capacity 17946K, committed 18048K, reserved 1048576K
}
Event: 51.416 GC heap before
{Heap before GC invocations=50 (full 0):
 garbage-first heap   total 256000K, used 200925K [0x0000000080000000, 0x0000000100000000)
  region size 1024K, 37 young (37888K), 5 survivors (5120K)
 Metaspace       used 135345K, capacity 138221K, committed 138512K, reserved 1169408K
  class space    used 16907K, capacity 17978K, committed 18048K, reserved 1048576K
}
Event: 51.434 GC heap after
{Heap after GC invocations=51 (full 0):
 garbage-first heap   total 479232K, used 175810K [0x0000000080000000, 0x0000000100000000)
  region size 1024K, 5 young (5120K), 5 survivors (5120K)
 Metaspace       used 135345K, capacity 138221K, committed 138512K, reserved 1169408K
  class space    used 16907K, capacity 17978K, committed 18048K, reserved 1048576K
}
Event: 51.494 GC heap before
{Heap before GC invocations=51 (full 0):
 garbage-first heap   total 479232K, used 194242K [0x0000000080000000, 0x0000000100000000)
  region size 1024K, 23 young (23552K), 5 survivors (5120K)
 Metaspace       used 135345K, capacity 138221K, committed 138512K, reserved 1169408K
  class space    used 16907K, capacity 17978K, committed 18048K, reserved 1048576K
}
Event: 51.504 GC heap after
{Heap after GC invocations=52 (full 0):
 garbage-first heap   total 479232K, used 180042K [0x0000000080000000, 0x0000000100000000)
  region size 1024K, 3 young (3072K), 3 survivors (3072K)
 Metaspace       used 135345K, capacity 138221K, committed 138512K, reserved 1169408K
  class space    used 16907K, capacity 17978K, committed 18048K, reserved 1048576K
}
Event: 51.973 GC heap before
{Heap before GC invocations=52 (full 0):
 garbage-first heap   total 479232K, used 277322K [0x0000000080000000, 0x0000000100000000)
  region size 1024K, 97 young (99328K), 3 survivors (3072K)
 Metaspace       used 136058K, capacity 138937K, committed 139152K, reserved 1171456K
  class space    used 16989K, capacity 18061K, committed 18176K, reserved 1048576K
}
Event: 51.989 GC heap after
{Heap after GC invocations=53 (full 0):
 garbage-first heap   total 479232K, used 195584K [0x0000000080000000, 0x0000000100000000)
  region size 1024K, 13 young (13312K), 13 survivors (13312K)
 Metaspace       used 136058K, capacity 138937K, committed 139152K, reserved 1171456K
  class space    used 16989K, capacity 18061K, committed 18176K, reserved 1048576K
}
Event: 52.680 GC heap before
{Heap before GC invocations=53 (full 0):
 garbage-first heap   total 479232K, used 300032K [0x0000000080000000, 0x0000000100000000)
  region size 1024K, 115 young (117760K), 13 survivors (13312K)
 Metaspace       used 137879K, capacity 140933K, committed 141200K, reserved 1171456K
  class space    used 17188K, capacity 18312K, committed 18432K, reserved 1048576K
}
Event: 52.696 GC heap after
{Heap after GC invocations=54 (full 0):
 garbage-first heap   total 479232K, used 208189K [0x0000000080000000, 0x0000000100000000)
  region size 1024K, 12 young (12288K), 12 survivors (12288K)
 Metaspace       used 137879K, capacity 140933K, committed 141200K, reserved 1171456K
  class space    used 17188K, capacity 18312K, committed 18432K, reserved 1048576K
}
Event: 53.198 GC heap before
{Heap before GC invocations=54 (full 0):
 garbage-first heap   total 479232K, used 319805K [0x0000000080000000, 0x0000000100000000)
  region size 1024K, 121 young (123904K), 12 survivors (12288K)
 Metaspace       used 137961K, capacity 140983K, committed 141200K, reserved 1171456K
  class space    used 17198K, capacity 18326K, committed 18432K, reserved 1048576K
}

