# JRE version: OpenJDK Runtime Environment (11.0.8+10) (build 11.0.8+10-b944.6842174)
# Java VM: OpenJDK 64-Bit Server VM (11.0.8+10-b944.6842174, mixed mode, tiered, compressed oops, g1 gc, windows-amd64)
Heap:
 garbage-first heap   total 187392K, used 142543K [0x0000000080000000, 0x0000000100000000)
  region size 1024K, 44 young (45056K), 8 survivors (8192K)
 Metaspace       used 128022K, capacity 130825K, committed 131064K, reserved 1163264K
  class space    used 16133K, capacity 17139K, committed 17176K, reserved 1048576K
GC Heap History (20 events):
Event: 10.777 GC heap before
{Heap before GC invocations=16 (full 0):
 garbage-first heap   total 187392K, used 140465K [0x0000000080000000, 0x0000000100000000)
  region size 1024K, 83 young (84992K), 11 survivors (11264K)
 Metaspace       used 80380K, capacity 82536K, committed 82668K, reserved 1120256K
  class space    used 10319K, capacity 11093K, committed 11160K, reserved 1048576K
}
Event: 10.787 GC heap after
{Heap after GC invocations=17 (full 0):
 garbage-first heap   total 187392K, used 73469K [0x0000000080000000, 0x0000000100000000)
  region size 1024K, 7 young (7168K), 7 survivors (7168K)
 Metaspace       used 80380K, capacity 82536K, committed 82668K, reserved 1120256K
  class space    used 10319K, capacity 11093K, committed 11160K, reserved 1048576K
}
Event: 11.764 GC heap before
{Heap before GC invocations=17 (full 0):
 garbage-first heap   total 187392K, used 141053K [0x0000000080000000, 0x0000000100000000)
  region size 1024K, 74 young (75776K), 7 survivors (7168K)
 Metaspace       used 87563K, capacity 90012K, committed 90220K, reserved 1128448K
  class space    used 11290K, capacity 12196K, committed 12312K, reserved 1048576K
}
Event: 11.773 GC heap after
{Heap after GC invocations=18 (full 0):
 garbage-first heap   total 187392K, used 76762K [0x0000000080000000, 0x0000000100000000)
  region size 1024K, 4 young (4096K), 4 survivors (4096K)
 Metaspace       used 87563K, capacity 90012K, committed 90220K, reserved 1128448K
  class space    used 11290K, capacity 12196K, committed 12312K, reserved 1048576K
}
Event: 12.950 GC heap before
{Heap before GC invocations=18 (full 0):
 garbage-first heap   total 187392K, used 146394K [0x0000000080000000, 0x0000000100000000)
  region size 1024K, 72 young (73728K), 4 survivors (4096K)
 Metaspace       used 87600K, capacity 90013K, committed 90220K, reserved 1128448K
  class space    used 11290K, capacity 12196K, committed 12312K, reserved 1048576K
}
Event: 12.955 GC heap after
{Heap after GC invocations=19 (full 0):
 garbage-first heap   total 187392K, used 76865K [0x0000000080000000, 0x0000000100000000)
  region size 1024K, 5 young (5120K), 5 survivors (5120K)
 Metaspace       used 87600K, capacity 90013K, committed 90220K, reserved 1128448K
  class space    used 11290K, capacity 12196K, committed 12312K, reserved 1048576K
}
Event: 14.142 GC heap before
{Heap before GC invocations=19 (full 0):
 garbage-first heap   total 187392K, used 147521K [0x0000000080000000, 0x0000000100000000)
  region size 1024K, 74 young (75776K), 5 survivors (5120K)
 Metaspace       used 87602K, capacity 90013K, committed 90220K, reserved 1128448K
  class space    used 11290K, capacity 12196K, committed 12312K, reserved 1048576K
}
Event: 14.146 GC heap after
{Heap after GC invocations=20 (full 0):
 garbage-first heap   total 187392K, used 76685K [0x0000000080000000, 0x0000000100000000)
  region size 1024K, 4 young (4096K), 4 survivors (4096K)
 Metaspace       used 87602K, capacity 90013K, committed 90220K, reserved 1128448K
  class space    used 11290K, capacity 12196K, committed 12312K, reserved 1048576K
}
Event: 15.411 GC heap before
{Heap before GC invocations=20 (full 0):
 garbage-first heap   total 187392K, used 153485K [0x0000000080000000, 0x0000000100000000)
  region size 1024K, 76 young (77824K), 4 survivors (4096K)
 Metaspace       used 97457K, capacity 100205K, committed 100332K, reserved 1136640K
  class space    used 12412K, capacity 13384K, committed 13464K, reserved 1048576K
}
Event: 15.425 GC heap after
{Heap after GC invocations=21 (full 0):
 garbage-first heap   total 187392K, used 85136K [0x0000000080000000, 0x0000000100000000)
  region size 1024K, 9 young (9216K), 9 survivors (9216K)
 Metaspace       used 97457K, capacity 100205K, committed 100332K, reserved 1136640K
  class space    used 12412K, capacity 13384K, committed 13464K, reserved 1048576K
}
Event: 16.847 GC heap before
{Heap before GC invocations=22 (full 0):
 garbage-first heap   total 187392K, used 154768K [0x0000000080000000, 0x0000000100000000)
  region size 1024K, 75 young (76800K), 9 survivors (9216K)
 Metaspace       used 114405K, capacity 117039K, committed 117496K, reserved 1150976K
  class space    used 14806K, capacity 15745K, committed 15896K, reserved 1048576K
}
Event: 16.872 GC heap after
{Heap after GC invocations=23 (full 0):
 garbage-first heap   total 187392K, used 90565K [0x0000000080000000, 0x0000000100000000)
  region size 1024K, 10 young (10240K), 10 survivors (10240K)
 Metaspace       used 114405K, capacity 117039K, committed 117496K, reserved 1150976K
  class space    used 14806K, capacity 15745K, committed 15896K, reserved 1048576K
}
Event: 17.788 GC heap before
{Heap before GC invocations=24 (full 0):
 garbage-first heap   total 187392K, used 153029K [0x0000000080000000, 0x0000000100000000)
  region size 1024K, 71 young (72704K), 10 survivors (10240K)
 Metaspace       used 117938K, capacity 120619K, committed 121080K, reserved 1155072K
  class space    used 15256K, capacity 16210K, committed 16408K, reserved 1048576K
}
Event: 17.798 GC heap after
{Heap after GC invocations=25 (full 0):
 garbage-first heap   total 187392K, used 101094K [0x0000000080000000, 0x0000000100000000)
  region size 1024K, 9 young (9216K), 9 survivors (9216K)
 Metaspace       used 117938K, capacity 120619K, committed 121080K, reserved 1155072K
  class space    used 15256K, capacity 16210K, committed 16408K, reserved 1048576K
}
Event: 18.116 GC heap before
{Heap before GC invocations=25 (full 0):
 garbage-first heap   total 187392K, used 132838K [0x0000000080000000, 0x0000000100000000)
  region size 1024K, 42 young (43008K), 9 survivors (9216K)
 Metaspace       used 120451K, capacity 123125K, committed 123640K, reserved 1157120K
  class space    used 15512K, capacity 16469K, committed 16664K, reserved 1048576K
}
Event: 18.121 GC heap after
{Heap after GC invocations=26 (full 0):
 garbage-first heap   total 187392K, used 97531K [0x0000000080000000, 0x0000000100000000)
  region size 1024K, 3 young (3072K), 3 survivors (3072K)
 Metaspace       used 120451K, capacity 123125K, committed 123640K, reserved 1157120K
  class space    used 15512K, capacity 16469K, committed 16664K, reserved 1048576K
}
Event: 19.114 GC heap before
{Heap before GC invocations=27 (full 0):
 garbage-first heap   total 187392K, used 154875K [0x0000000080000000, 0x0000000100000000)
  region size 1024K, 57 young (58368K), 3 survivors (3072K)
 Metaspace       used 127482K, capacity 130204K, committed 130552K, reserved 1163264K
  class space    used 16054K, capacity 17018K, committed 17176K, reserved 1048576K
}
Event: 19.120 GC heap after
{Heap after GC invocations=28 (full 0):
 garbage-first heap   total 187392K, used 97585K [0x0000000080000000, 0x0000000100000000)
  region size 1024K, 5 young (5120K), 5 survivors (5120K)
 Metaspace       used 127482K, capacity 130204K, committed 130552K, reserved 1163264K
  class space    used 16054K, capacity 17018K, committed 17176K, reserved 1048576K
}
Event: 19.404 GC heap before
{Heap before GC invocations=28 (full 0):
 garbage-first heap   total 187392K, used 151857K [0x0000000080000000, 0x0000000100000000)
  region size 1024K, 59 young (60416K), 5 survivors (5120K)
 Metaspace       used 127946K, capacity 130714K, committed 131064K, reserved 1163264K
  class space    used 16118K, capacity 17102K, committed 17176K, reserved 1048576K
}
Event: 19.412 GC heap after
{Heap after GC invocations=29 (full 0):
 garbage-first heap   total 187392K, used 104655K [0x0000000080000000, 0x0000000100000000)
  region size 1024K, 8 young (8192K), 8 survivors (8192K)
 Metaspace       used 127946K, capacity 130714K, committed 131064K, reserved 1163264K
  class space    used 16118K, capacity 17102K, committed 17176K, reserved 1048576K
}

