# JRE version: OpenJDK Runtime Environment (11.0.8+10) (build 11.0.8+10-b944.6842174)
# Java VM: OpenJDK 64-Bit Server VM (11.0.8+10-b944.6842174, mixed mode, tiered, compressed oops, g1 gc, windows-amd64)
Heap:
 garbage-first heap   total 225280K, used 117943K [0x0000000080000000, 0x0000000100000000)
  region size 1024K, 34 young (34816K), 5 survivors (5120K)
 Metaspace       used 116376K, capacity 119088K, committed 119716K, reserved 1153024K
  class space    used 15032K, capacity 15980K, committed 16128K, reserved 1048576K
GC Heap History (20 events):
Event: 7.466 GC heap before
{Heap before GC invocations=12 (full 0):
 garbage-first heap   total 155648K, used 111528K [0x0000000080000000, 0x0000000100000000)
  region size 1024K, 70 young (71680K), 3 survivors (3072K)
 Metaspace       used 65117K, capacity 66624K, committed 66724K, reserved 1107968K
  class space    used 8417K, capacity 8957K, committed 8960K, reserved 1048576K
}
Event: 7.478 GC heap after
{Heap after GC invocations=13 (full 0):
 garbage-first heap   total 187392K, used 48165K [0x0000000080000000, 0x0000000100000000)
  region size 1024K, 8 young (8192K), 8 survivors (8192K)
 Metaspace       used 65117K, capacity 66624K, committed 66724K, reserved 1107968K
  class space    used 8417K, capacity 8957K, committed 8960K, reserved 1048576K
}
Event: 8.900 GC heap before
{Heap before GC invocations=13 (full 0):
 garbage-first heap   total 187392K, used 128037K [0x0000000080000000, 0x0000000100000000)
  region size 1024K, 86 young (88064K), 8 survivors (8192K)
 Metaspace       used 71303K, capacity 73212K, committed 73508K, reserved 1112064K
  class space    used 9357K, capacity 10062K, committed 10112K, reserved 1048576K
}
Event: 8.909 GC heap after
{Heap after GC invocations=14 (full 0):
 garbage-first heap   total 187392K, used 52850K [0x0000000080000000, 0x0000000100000000)
  region size 1024K, 10 young (10240K), 10 survivors (10240K)
 Metaspace       used 71303K, capacity 73212K, committed 73508K, reserved 1112064K
  class space    used 9357K, capacity 10062K, committed 10112K, reserved 1048576K
}
Event: 10.045 GC heap before
{Heap before GC invocations=14 (full 0):
 garbage-first heap   total 187392K, used 135794K [0x0000000080000000, 0x0000000100000000)
  region size 1024K, 91 young (93184K), 10 survivors (10240K)
 Metaspace       used 74191K, capacity 76192K, committed 76452K, reserved 1116160K
  class space    used 9650K, capacity 10372K, committed 10496K, reserved 1048576K
}
Event: 10.058 GC heap after
{Heap after GC invocations=15 (full 0):
 garbage-first heap   total 187392K, used 61634K [0x0000000080000000, 0x0000000100000000)
  region size 1024K, 12 young (12288K), 12 survivors (12288K)
 Metaspace       used 74191K, capacity 76192K, committed 76452K, reserved 1116160K
  class space    used 9650K, capacity 10372K, committed 10496K, reserved 1048576K
}
Event: 10.983 GC heap before
{Heap before GC invocations=15 (full 0):
 garbage-first heap   total 187392K, used 144578K [0x0000000080000000, 0x0000000100000000)
  region size 1024K, 90 young (92160K), 12 survivors (12288K)
 Metaspace       used 77935K, capacity 80095K, committed 80164K, reserved 1118208K
  class space    used 10062K, capacity 10840K, committed 10880K, reserved 1048576K
}
Event: 10.998 GC heap after
{Heap after GC invocations=16 (full 0):
 garbage-first heap   total 187392K, used 72000K [0x0000000080000000, 0x0000000100000000)
  region size 1024K, 7 young (7168K), 7 survivors (7168K)
 Metaspace       used 77935K, capacity 80095K, committed 80164K, reserved 1118208K
  class space    used 10062K, capacity 10840K, committed 10880K, reserved 1048576K
}
Event: 12.093 GC heap before
{Heap before GC invocations=16 (full 0):
 garbage-first heap   total 187392K, used 144704K [0x0000000080000000, 0x0000000100000000)
  region size 1024K, 79 young (80896K), 7 survivors (7168K)
 Metaspace       used 86654K, capacity 89059K, committed 89380K, reserved 1126400K
  class space    used 11197K, capacity 12073K, committed 12160K, reserved 1048576K
}
Event: 12.103 GC heap after
{Heap after GC invocations=17 (full 0):
 garbage-first heap   total 187392K, used 76300K [0x0000000080000000, 0x0000000100000000)
  region size 1024K, 5 young (5120K), 5 survivors (5120K)
 Metaspace       used 86654K, capacity 89059K, committed 89380K, reserved 1126400K
  class space    used 11197K, capacity 12073K, committed 12160K, reserved 1048576K
}
Event: 13.471 GC heap before
{Heap before GC invocations=17 (full 0):
 garbage-first heap   total 187392K, used 147980K [0x0000000080000000, 0x0000000100000000)
  region size 1024K, 75 young (76800K), 5 survivors (5120K)
 Metaspace       used 87571K, capacity 89955K, committed 90276K, reserved 1128448K
  class space    used 11280K, capacity 12178K, committed 12288K, reserved 1048576K
}
Event: 13.477 GC heap after
{Heap after GC invocations=18 (full 0):
 garbage-first heap   total 187392K, used 76800K [0x0000000080000000, 0x0000000100000000)
  region size 1024K, 5 young (5120K), 5 survivors (5120K)
 Metaspace       used 87571K, capacity 89955K, committed 90276K, reserved 1128448K
  class space    used 11280K, capacity 12178K, committed 12288K, reserved 1048576K
}
Event: 14.799 GC heap before
{Heap before GC invocations=18 (full 0):
 garbage-first heap   total 187392K, used 151552K [0x0000000080000000, 0x0000000100000000)
  region size 1024K, 78 young (79872K), 5 survivors (5120K)
 Metaspace       used 87571K, capacity 89955K, committed 90276K, reserved 1128448K
  class space    used 11280K, capacity 12178K, committed 12288K, reserved 1048576K
}
Event: 14.804 GC heap after
{Heap after GC invocations=19 (full 0):
 garbage-first heap   total 187392K, used 76800K [0x0000000080000000, 0x0000000100000000)
  region size 1024K, 5 young (5120K), 5 survivors (5120K)
 Metaspace       used 87571K, capacity 89955K, committed 90276K, reserved 1128448K
  class space    used 11280K, capacity 12178K, committed 12288K, reserved 1048576K
}
Event: 16.427 GC heap before
{Heap before GC invocations=19 (full 0):
 garbage-first heap   total 187392K, used 156672K [0x0000000080000000, 0x0000000100000000)
  region size 1024K, 79 young (80896K), 5 survivors (5120K)
 Metaspace       used 95575K, capacity 98254K, committed 98340K, reserved 1134592K
  class space    used 12176K, capacity 13164K, committed 13184K, reserved 1048576K
}
Event: 16.435 GC heap after
{Heap after GC invocations=20 (full 0):
 garbage-first heap   total 187392K, used 84664K [0x0000000080000000, 0x0000000100000000)
  region size 1024K, 9 young (9216K), 9 survivors (9216K)
 Metaspace       used 95575K, capacity 98254K, committed 98340K, reserved 1134592K
  class space    used 12176K, capacity 13164K, committed 13184K, reserved 1048576K
}
Event: 16.621 GC heap before
{Heap before GC invocations=20 (full 0):
 garbage-first heap   total 187392K, used 91832K [0x0000000080000000, 0x0000000100000000)
  region size 1024K, 17 young (17408K), 9 survivors (9216K)
 Metaspace       used 97234K, capacity 99955K, committed 100116K, reserved 1136640K
  class space    used 12381K, capacity 13366K, committed 13440K, reserved 1048576K
}
Event: 16.638 GC heap after
{Heap after GC invocations=21 (full 0):
 garbage-first heap   total 187392K, used 85384K [0x0000000080000000, 0x0000000100000000)
  region size 1024K, 6 young (6144K), 6 survivors (6144K)
 Metaspace       used 97234K, capacity 99955K, committed 100116K, reserved 1136640K
  class space    used 12381K, capacity 13366K, committed 13440K, reserved 1048576K
}
Event: 17.980 GC heap before
{Heap before GC invocations=22 (full 0):
 garbage-first heap   total 187392K, used 140680K [0x0000000080000000, 0x0000000100000000)
  region size 1024K, 61 young (62464K), 6 survivors (6144K)
 Metaspace       used 111483K, capacity 114077K, committed 114724K, reserved 1148928K
  class space    used 14409K, capacity 15313K, committed 15488K, reserved 1048576K
}
Event: 18.001 GC heap after
{Heap after GC invocations=23 (full 0):
 garbage-first heap   total 225280K, used 87223K [0x0000000080000000, 0x0000000100000000)
  region size 1024K, 5 young (5120K), 5 survivors (5120K)
 Metaspace       used 111483K, capacity 114077K, committed 114724K, reserved 1148928K
  class space    used 14409K, capacity 15313K, committed 15488K, reserved 1048576K
}

