# JRE version: OpenJDK Runtime Environment (11.0.8+10) (build 11.0.8+10-b944.6842174)
# Java VM: OpenJDK 64-Bit Server VM (11.0.8+10-b944.6842174, mixed mode, tiered, compressed oops, g1 gc, windows-amd64)
Heap:
 garbage-first heap   total 665600K, used 179643K [0x0000000080000000, 0x0000000100000000)
  region size 1024K, 6 young (6144K), 6 survivors (6144K)
 Metaspace       used 136527K, capacity 139301K, committed 139600K, reserved 1171456K
  class space    used 17103K, capacity 18129K, committed 18176K, reserved 1048576K
GC Heap History (20 events):
Event: 30.387 GC heap after
{Heap after GC invocations=51 (full 0):
 garbage-first heap   total 155648K, used 115314K [0x0000000080000000, 0x0000000100000000)
  region size 1024K, 1 young (1024K), 1 survivors (1024K)
 Metaspace       used 136369K, capacity 139213K, committed 139344K, reserved 1171456K
  class space    used 17109K, capacity 18151K, committed 18176K, reserved 1048576K
}
Event: 30.464 GC heap before
{Heap before GC invocations=51 (full 0):
 garbage-first heap   total 155648K, used 129650K [0x0000000080000000, 0x0000000100000000)
  region size 1024K, 15 young (15360K), 1 survivors (1024K)
 Metaspace       used 136457K, capacity 139285K, committed 139344K, reserved 1171456K
  class space    used 17110K, capacity 18151K, committed 18176K, reserved 1048576K
}
Event: 30.470 GC heap after
{Heap after GC invocations=52 (full 0):
 garbage-first heap   total 155648K, used 118970K [0x0000000080000000, 0x0000000100000000)
  region size 1024K, 2 young (2048K), 2 survivors (2048K)
 Metaspace       used 136457K, capacity 139285K, committed 139344K, reserved 1171456K
  class space    used 17110K, capacity 18151K, committed 18176K, reserved 1048576K
}
Event: 30.530 GC heap before
{Heap before GC invocations=52 (full 0):
 garbage-first heap   total 155648K, used 130234K [0x0000000080000000, 0x0000000100000000)
  region size 1024K, 14 young (14336K), 2 survivors (2048K)
 Metaspace       used 136467K, capacity 139285K, committed 139344K, reserved 1171456K
  class space    used 17110K, capacity 18151K, committed 18176K, reserved 1048576K
}
Event: 30.536 GC heap after
{Heap after GC invocations=53 (full 0):
 garbage-first heap   total 155648K, used 122341K [0x0000000080000000, 0x0000000100000000)
  region size 1024K, 2 young (2048K), 2 survivors (2048K)
 Metaspace       used 136467K, capacity 139285K, committed 139344K, reserved 1171456K
  class space    used 17110K, capacity 18151K, committed 18176K, reserved 1048576K
}
Event: 30.588 GC heap before
{Heap before GC invocations=53 (full 0):
 garbage-first heap   total 155648K, used 132581K [0x0000000080000000, 0x0000000100000000)
  region size 1024K, 12 young (12288K), 2 survivors (2048K)
 Metaspace       used 136467K, capacity 139285K, committed 139344K, reserved 1171456K
  class space    used 17110K, capacity 18151K, committed 18176K, reserved 1048576K
}
Event: 30.596 GC heap after
{Heap after GC invocations=54 (full 0):
 garbage-first heap   total 155648K, used 125421K [0x0000000080000000, 0x0000000100000000)
  region size 1024K, 2 young (2048K), 2 survivors (2048K)
 Metaspace       used 136467K, capacity 139285K, committed 139344K, reserved 1171456K
  class space    used 17110K, capacity 18151K, committed 18176K, reserved 1048576K
}
Event: 30.626 GC heap before
{Heap before GC invocations=54 (full 0):
 garbage-first heap   total 155648K, used 133613K [0x0000000080000000, 0x0000000100000000)
  region size 1024K, 10 young (10240K), 2 survivors (2048K)
 Metaspace       used 136471K, capacity 139285K, committed 139344K, reserved 1171456K
  class space    used 17111K, capacity 18151K, committed 18176K, reserved 1048576K
}
Event: 30.634 GC heap after
{Heap after GC invocations=55 (full 0):
 garbage-first heap   total 155648K, used 127673K [0x0000000080000000, 0x0000000100000000)
  region size 1024K, 2 young (2048K), 2 survivors (2048K)
 Metaspace       used 136471K, capacity 139285K, committed 139344K, reserved 1171456K
  class space    used 17111K, capacity 18151K, committed 18176K, reserved 1048576K
}
Event: 30.684 GC heap before
{Heap before GC invocations=55 (full 0):
 garbage-first heap   total 155648K, used 133817K [0x0000000080000000, 0x0000000100000000)
  region size 1024K, 8 young (8192K), 2 survivors (2048K)
 Metaspace       used 136428K, capacity 139204K, committed 139344K, reserved 1171456K
  class space    used 17095K, capacity 18122K, committed 18176K, reserved 1048576K
}
Event: 30.690 GC heap after
{Heap after GC invocations=56 (full 0):
 garbage-first heap   total 155648K, used 129380K [0x0000000080000000, 0x0000000100000000)
  region size 1024K, 1 young (1024K), 1 survivors (1024K)
 Metaspace       used 136428K, capacity 139204K, committed 139344K, reserved 1171456K
  class space    used 17095K, capacity 18122K, committed 18176K, reserved 1048576K
}
Event: 30.719 GC heap before
{Heap before GC invocations=56 (full 0):
 garbage-first heap   total 155648K, used 135524K [0x0000000080000000, 0x0000000100000000)
  region size 1024K, 7 young (7168K), 1 survivors (1024K)
 Metaspace       used 136436K, capacity 139209K, committed 139344K, reserved 1171456K
  class space    used 17095K, capacity 18123K, committed 18176K, reserved 1048576K
}
Event: 30.730 GC heap after
{Heap after GC invocations=57 (full 0):
 garbage-first heap   total 280576K, used 131067K [0x0000000080000000, 0x0000000100000000)
  region size 1024K, 1 young (1024K), 1 survivors (1024K)
 Metaspace       used 136436K, capacity 139209K, committed 139344K, reserved 1171456K
  class space    used 17095K, capacity 18123K, committed 18176K, reserved 1048576K
}
Event: 30.935 GC heap before
{Heap before GC invocations=58 (full 0):
 garbage-first heap   total 280576K, used 178171K [0x0000000080000000, 0x0000000100000000)
  region size 1024K, 48 young (49152K), 1 survivors (1024K)
 Metaspace       used 136517K, capacity 139300K, committed 139600K, reserved 1171456K
  class space    used 17103K, capacity 18129K, committed 18176K, reserved 1048576K
}
Event: 30.952 GC heap after
{Heap after GC invocations=59 (full 0):
 garbage-first heap   total 280576K, used 145287K [0x0000000080000000, 0x0000000100000000)
  region size 1024K, 6 young (6144K), 6 survivors (6144K)
 Metaspace       used 136517K, capacity 139300K, committed 139600K, reserved 1171456K
  class space    used 17103K, capacity 18129K, committed 18176K, reserved 1048576K
}
Event: 31.131 GC heap before
{Heap before GC invocations=59 (full 0):
 garbage-first heap   total 280576K, used 192391K [0x0000000080000000, 0x0000000100000000)
  region size 1024K, 51 young (52224K), 6 survivors (6144K)
 Metaspace       used 136519K, capacity 139301K, committed 139600K, reserved 1171456K
  class space    used 17103K, capacity 18129K, committed 18176K, reserved 1048576K
}
Event: 31.152 GC heap after
{Heap after GC invocations=60 (full 0):
 garbage-first heap   total 280576K, used 156336K [0x0000000080000000, 0x0000000100000000)
  region size 1024K, 7 young (7168K), 7 survivors (7168K)
 Metaspace       used 136519K, capacity 139301K, committed 139600K, reserved 1171456K
  class space    used 17103K, capacity 18129K, committed 18176K, reserved 1048576K
}
Event: 31.318 GC heap before
{Heap before GC invocations=60 (full 0):
 garbage-first heap   total 280576K, used 203440K [0x0000000080000000, 0x0000000100000000)
  region size 1024K, 51 young (52224K), 7 survivors (7168K)
 Metaspace       used 136526K, capacity 139301K, committed 139600K, reserved 1171456K
  class space    used 17103K, capacity 18129K, committed 18176K, reserved 1048576K
}
Event: 31.342 GC heap after
{Heap after GC invocations=61 (full 0):
 garbage-first heap   total 280576K, used 168646K [0x0000000080000000, 0x0000000100000000)
  region size 1024K, 7 young (7168K), 7 survivors (7168K)
 Metaspace       used 136526K, capacity 139301K, committed 139600K, reserved 1171456K
  class space    used 17103K, capacity 18129K, committed 18176K, reserved 1048576K
}
Event: 31.503 GC heap before
{Heap before GC invocations=61 (full 0):
 garbage-first heap   total 280576K, used 211654K [0x0000000080000000, 0x0000000100000000)
  region size 1024K, 48 young (49152K), 7 survivors (7168K)
 Metaspace       used 136527K, capacity 139301K, committed 139600K, reserved 1171456K
  class space    used 17103K, capacity 18129K, committed 18176K, reserved 1048576K
}

