# JRE version: OpenJDK Runtime Environment (11.0.10) (build 11.0.10+0-b96-7249189)
# Java VM: OpenJDK 64-Bit Server VM (11.0.10+0-b96-7249189, mixed mode, tiered, compressed oops, g1 gc, windows-amd64)
Heap:
 garbage-first heap   total 527360K, used 381168K [0x0000000080000000, 0x0000000100000000)
  region size 1024K, 107 young (109568K), 13 survivors (13312K)
 Metaspace       used 141205K, capacity 145351K, committed 145408K, reserved 1175552K
  class space    used 17644K, capacity 19200K, committed 19200K, reserved 1048576K
GC Heap History (20 events):
Event: 215.092 GC heap before
{Heap before GC invocations=97 (full 0):
 garbage-first heap   total 461824K, used 397272K [0x0000000080000000, 0x0000000100000000)
  region size 1024K, 145 young (148480K), 16 survivors (16384K)
 Metaspace       used 141148K, capacity 145283K, committed 145408K, reserved 1175552K
  class space    used 17644K, capacity 19200K, committed 19200K, reserved 1048576K
}
Event: 215.114 GC heap after
{Heap after GC invocations=98 (full 0):
 garbage-first heap   total 527360K, used 269148K [0x0000000080000000, 0x0000000100000000)
  region size 1024K, 14 young (14336K), 14 survivors (14336K)
 Metaspace       used 141148K, capacity 145283K, committed 145408K, reserved 1175552K
  class space    used 17644K, capacity 19200K, committed 19200K, reserved 1048576K
}
Event: 215.453 GC heap before
{Heap before GC invocations=98 (full 0):
 garbage-first heap   total 527360K, used 430940K [0x0000000080000000, 0x0000000100000000)
  region size 1024K, 172 young (176128K), 14 survivors (14336K)
 Metaspace       used 141156K, capacity 145347K, committed 145408K, reserved 1175552K
  class space    used 17644K, capacity 19200K, committed 19200K, reserved 1048576K
}
Event: 215.465 GC heap after
{Heap after GC invocations=99 (full 0):
 garbage-first heap   total 527360K, used 270336K [0x0000000080000000, 0x0000000100000000)
  region size 1024K, 13 young (13312K), 13 survivors (13312K)
 Metaspace       used 141156K, capacity 145347K, committed 145408K, reserved 1175552K
  class space    used 17644K, capacity 19200K, committed 19200K, reserved 1048576K
}
Event: 215.810 GC heap before
{Heap before GC invocations=99 (full 0):
 garbage-first heap   total 527360K, used 442368K [0x0000000080000000, 0x0000000100000000)
  region size 1024K, 181 young (185344K), 13 survivors (13312K)
 Metaspace       used 141160K, capacity 145347K, committed 145408K, reserved 1175552K
  class space    used 17644K, capacity 19200K, committed 19200K, reserved 1048576K
}
Event: 215.821 GC heap after
{Heap after GC invocations=100 (full 0):
 garbage-first heap   total 527360K, used 272851K [0x0000000080000000, 0x0000000100000000)
  region size 1024K, 10 young (10240K), 10 survivors (10240K)
 Metaspace       used 141160K, capacity 145347K, committed 145408K, reserved 1175552K
  class space    used 17644K, capacity 19200K, committed 19200K, reserved 1048576K
}
Event: 216.147 GC heap before
{Heap before GC invocations=100 (full 0):
 garbage-first heap   total 527360K, used 447955K [0x0000000080000000, 0x0000000100000000)
  region size 1024K, 181 young (185344K), 10 survivors (10240K)
 Metaspace       used 141162K, capacity 145347K, committed 145408K, reserved 1175552K
  class space    used 17644K, capacity 19200K, committed 19200K, reserved 1048576K
}
Event: 216.157 GC heap after
{Heap after GC invocations=101 (full 0):
 garbage-first heap   total 527360K, used 274601K [0x0000000080000000, 0x0000000100000000)
  region size 1024K, 12 young (12288K), 12 survivors (12288K)
 Metaspace       used 141162K, capacity 145347K, committed 145408K, reserved 1175552K
  class space    used 17644K, capacity 19200K, committed 19200K, reserved 1048576K
}
Event: 216.530 GC heap before
{Heap before GC invocations=101 (full 0):
 garbage-first heap   total 527360K, used 452777K [0x0000000080000000, 0x0000000100000000)
  region size 1024K, 186 young (190464K), 12 survivors (12288K)
 Metaspace       used 141176K, capacity 145348K, committed 145408K, reserved 1175552K
  class space    used 17644K, capacity 19200K, committed 19200K, reserved 1048576K
}
Event: 216.541 GC heap after
{Heap after GC invocations=102 (full 0):
 garbage-first heap   total 527360K, used 276449K [0x0000000080000000, 0x0000000100000000)
  region size 1024K, 14 young (14336K), 14 survivors (14336K)
 Metaspace       used 141176K, capacity 145348K, committed 145408K, reserved 1175552K
  class space    used 17644K, capacity 19200K, committed 19200K, reserved 1048576K
}
Event: 216.950 GC heap before
{Heap before GC invocations=102 (full 0):
 garbage-first heap   total 527360K, used 456673K [0x0000000080000000, 0x0000000100000000)
  region size 1024K, 191 young (195584K), 14 survivors (14336K)
 Metaspace       used 141181K, capacity 145349K, committed 145408K, reserved 1175552K
  class space    used 17644K, capacity 19200K, committed 19200K, reserved 1048576K
}
Event: 216.965 GC heap after
{Heap after GC invocations=103 (full 0):
 garbage-first heap   total 527360K, used 278250K [0x0000000080000000, 0x0000000100000000)
  region size 1024K, 11 young (11264K), 11 survivors (11264K)
 Metaspace       used 141181K, capacity 145349K, committed 145408K, reserved 1175552K
  class space    used 17644K, capacity 19200K, committed 19200K, reserved 1048576K
}
Event: 217.404 GC heap before
{Heap before GC invocations=103 (full 0):
 garbage-first heap   total 527360K, used 460522K [0x0000000080000000, 0x0000000100000000)
  region size 1024K, 188 young (192512K), 11 survivors (11264K)
 Metaspace       used 141191K, capacity 145351K, committed 145408K, reserved 1175552K
  class space    used 17644K, capacity 19200K, committed 19200K, reserved 1048576K
}
Event: 217.417 GC heap after
{Heap after GC invocations=104 (full 0):
 garbage-first heap   total 527360K, used 279227K [0x0000000080000000, 0x0000000100000000)
  region size 1024K, 12 young (12288K), 12 survivors (12288K)
 Metaspace       used 141191K, capacity 145351K, committed 145408K, reserved 1175552K
  class space    used 17644K, capacity 19200K, committed 19200K, reserved 1048576K
}
Event: 217.795 GC heap before
{Heap before GC invocations=104 (full 0):
 garbage-first heap   total 527360K, used 460475K [0x0000000080000000, 0x0000000100000000)
  region size 1024K, 189 young (193536K), 12 survivors (12288K)
 Metaspace       used 141202K, capacity 145351K, committed 145408K, reserved 1175552K
  class space    used 17644K, capacity 19200K, committed 19200K, reserved 1048576K
}
Event: 217.809 GC heap after
{Heap after GC invocations=105 (full 0):
 garbage-first heap   total 527360K, used 281809K [0x0000000080000000, 0x0000000100000000)
  region size 1024K, 14 young (14336K), 14 survivors (14336K)
 Metaspace       used 141202K, capacity 145351K, committed 145408K, reserved 1175552K
  class space    used 17644K, capacity 19200K, committed 19200K, reserved 1048576K
}
Event: 218.359 GC heap before
{Heap before GC invocations=105 (full 0):
 garbage-first heap   total 527360K, used 458961K [0x0000000080000000, 0x0000000100000000)
  region size 1024K, 187 young (191488K), 14 survivors (14336K)
 Metaspace       used 141204K, capacity 145351K, committed 145408K, reserved 1175552K
  class space    used 17644K, capacity 19200K, committed 19200K, reserved 1048576K
}
Event: 218.377 GC heap after
{Heap after GC invocations=106 (full 0):
 garbage-first heap   total 527360K, used 284811K [0x0000000080000000, 0x0000000100000000)
  region size 1024K, 16 young (16384K), 16 survivors (16384K)
 Metaspace       used 141204K, capacity 145351K, committed 145408K, reserved 1175552K
  class space    used 17644K, capacity 19200K, committed 19200K, reserved 1048576K
}
Event: 220.314 GC heap before
{Heap before GC invocations=106 (full 0):
 garbage-first heap   total 527360K, used 456843K [0x0000000080000000, 0x0000000100000000)
  region size 1024K, 184 young (188416K), 16 survivors (16384K)
 Metaspace       used 141205K, capacity 145351K, committed 145408K, reserved 1175552K
  class space    used 17644K, capacity 19200K, committed 19200K, reserved 1048576K
}
Event: 220.381 GC heap after
{Heap after GC invocations=107 (full 0):
 garbage-first heap   total 527360K, used 285936K [0x0000000080000000, 0x0000000100000000)
  region size 1024K, 13 young (13312K), 13 survivors (13312K)
 Metaspace       used 141205K, capacity 145351K, committed 145408K, reserved 1175552K
  class space    used 17644K, capacity 19200K, committed 19200K, reserved 1048576K
}

