# JRE version: OpenJDK Runtime Environment (11.0.8+10) (build 11.0.8+10-b944.6842174)
# Java VM: OpenJDK 64-Bit Server VM (11.0.8+10-b944.6842174, mixed mode, tiered, compressed oops, g1 gc, windows-amd64)
Heap:
 garbage-first heap   total 276480K, used 146834K [0x0000000080000000, 0x0000000100000000)
  region size 1024K, 3 young (3072K), 3 survivors (3072K)
 Metaspace       used 134820K, capacity 137763K, committed 137856K, reserved 1169408K
  class space    used 16971K, capacity 18024K, committed 18048K, reserved 1048576K
GC Heap History (20 events):
Event: 19.228 GC heap after
{Heap after GC invocations=29 (full 0):
 garbage-first heap   total 187392K, used 98461K [0x0000000080000000, 0x0000000100000000)
  region size 1024K, 5 young (5120K), 5 survivors (5120K)
 Metaspace       used 128370K, capacity 131217K, committed 131456K, reserved 1163264K
  class space    used 16183K, capacity 17193K, committed 17280K, reserved 1048576K
}
Event: 19.893 GC heap before
{Heap before GC invocations=30 (full 0):
 garbage-first heap   total 187392K, used 157853K [0x0000000080000000, 0x0000000100000000)
  region size 1024K, 58 young (59392K), 5 survivors (5120K)
 Metaspace       used 131889K, capacity 134753K, committed 134912K, reserved 1167360K
  class space    used 16584K, capacity 17629K, committed 17664K, reserved 1048576K
}
Event: 19.901 GC heap after
{Heap after GC invocations=31 (full 0):
 garbage-first heap   total 187392K, used 101846K [0x0000000080000000, 0x0000000100000000)
  region size 1024K, 5 young (5120K), 5 survivors (5120K)
 Metaspace       used 131889K, capacity 134753K, committed 134912K, reserved 1167360K
  class space    used 16584K, capacity 17629K, committed 17664K, reserved 1048576K
}
Event: 20.304 GC heap before
{Heap before GC invocations=31 (full 0):
 garbage-first heap   total 187392K, used 154070K [0x0000000080000000, 0x0000000100000000)
  region size 1024K, 57 young (58368K), 5 survivors (5120K)
 Metaspace       used 132532K, capacity 135364K, committed 135552K, reserved 1167360K
  class space    used 16675K, capacity 17698K, committed 17792K, reserved 1048576K
}
Event: 20.315 GC heap after
{Heap after GC invocations=32 (full 0):
 garbage-first heap   total 187392K, used 103897K [0x0000000080000000, 0x0000000100000000)
  region size 1024K, 6 young (6144K), 6 survivors (6144K)
 Metaspace       used 132532K, capacity 135364K, committed 135552K, reserved 1167360K
  class space    used 16675K, capacity 17698K, committed 17792K, reserved 1048576K
}
Event: 20.552 GC heap before
{Heap before GC invocations=33 (full 0):
 garbage-first heap   total 187392K, used 156121K [0x0000000080000000, 0x0000000100000000)
  region size 1024K, 56 young (57344K), 6 survivors (6144K)
 Metaspace       used 132847K, capacity 135642K, committed 135808K, reserved 1167360K
  class space    used 16711K, capacity 17747K, committed 17792K, reserved 1048576K
}
Event: 20.559 GC heap after
{Heap after GC invocations=34 (full 0):
 garbage-first heap   total 187392K, used 108258K [0x0000000080000000, 0x0000000100000000)
  region size 1024K, 7 young (7168K), 7 survivors (7168K)
 Metaspace       used 132847K, capacity 135642K, committed 135808K, reserved 1167360K
  class space    used 16711K, capacity 17747K, committed 17792K, reserved 1048576K
}
Event: 20.562 GC heap before
{Heap before GC invocations=34 (full 0):
 garbage-first heap   total 187392K, used 109282K [0x0000000080000000, 0x0000000100000000)
  region size 1024K, 9 young (9216K), 7 survivors (7168K)
 Metaspace       used 132847K, capacity 135642K, committed 135808K, reserved 1167360K
  class space    used 16711K, capacity 17747K, committed 17792K, reserved 1048576K
}
Event: 20.565 GC heap after
{Heap after GC invocations=35 (full 0):
 garbage-first heap   total 187392K, used 107623K [0x0000000080000000, 0x0000000100000000)
  region size 1024K, 2 young (2048K), 2 survivors (2048K)
 Metaspace       used 132847K, capacity 135642K, committed 135808K, reserved 1167360K
  class space    used 16711K, capacity 17747K, committed 17792K, reserved 1048576K
}
Event: 20.603 GC heap before
{Heap before GC invocations=35 (full 0):
 garbage-first heap   total 187392K, used 129127K [0x0000000080000000, 0x0000000100000000)
  region size 1024K, 24 young (24576K), 2 survivors (2048K)
 Metaspace       used 132917K, capacity 135718K, committed 135808K, reserved 1167360K
  class space    used 16724K, capacity 17751K, committed 17792K, reserved 1048576K
}
Event: 20.606 GC heap after
{Heap after GC invocations=36 (full 0):
 garbage-first heap   total 187392K, used 111093K [0x0000000080000000, 0x0000000100000000)
  region size 1024K, 5 young (5120K), 5 survivors (5120K)
 Metaspace       used 132917K, capacity 135718K, committed 135808K, reserved 1167360K
  class space    used 16724K, capacity 17751K, committed 17792K, reserved 1048576K
}
Event: 21.008 GC heap before
{Heap before GC invocations=37 (full 0):
 garbage-first heap   total 187392K, used 156149K [0x0000000080000000, 0x0000000100000000)
  region size 1024K, 47 young (48128K), 5 survivors (5120K)
 Metaspace       used 134660K, capacity 137529K, committed 137600K, reserved 1169408K
  class space    used 16962K, capacity 18016K, committed 18048K, reserved 1048576K
}
Event: 21.019 GC heap after
{Heap after GC invocations=38 (full 0):
 garbage-first heap   total 187392K, used 122048K [0x0000000080000000, 0x0000000100000000)
  region size 1024K, 6 young (6144K), 6 survivors (6144K)
 Metaspace       used 134660K, capacity 137529K, committed 137600K, reserved 1169408K
  class space    used 16962K, capacity 18016K, committed 18048K, reserved 1048576K
}
Event: 21.115 GC heap before
{Heap before GC invocations=38 (full 0):
 garbage-first heap   total 187392K, used 152768K [0x0000000080000000, 0x0000000100000000)
  region size 1024K, 37 young (37888K), 6 survivors (6144K)
 Metaspace       used 134715K, capacity 137598K, committed 137856K, reserved 1169408K
  class space    used 16962K, capacity 18016K, committed 18048K, reserved 1048576K
}
Event: 21.142 GC heap after
{Heap after GC invocations=39 (full 0):
 garbage-first heap   total 187392K, used 130153K [0x0000000080000000, 0x0000000100000000)
  region size 1024K, 5 young (5120K), 5 survivors (5120K)
 Metaspace       used 134715K, capacity 137598K, committed 137856K, reserved 1169408K
  class space    used 16962K, capacity 18016K, committed 18048K, reserved 1048576K
}
Event: 21.220 GC heap before
{Heap before GC invocations=39 (full 0):
 garbage-first heap   total 187392K, used 152681K [0x0000000080000000, 0x0000000100000000)
  region size 1024K, 28 young (28672K), 5 survivors (5120K)
 Metaspace       used 134739K, capacity 137608K, committed 137856K, reserved 1169408K
  class space    used 16964K, capacity 18018K, committed 18048K, reserved 1048576K
}
Event: 21.236 GC heap after
{Heap after GC invocations=40 (full 0):
 garbage-first heap   total 187392K, used 138423K [0x0000000080000000, 0x0000000100000000)
  region size 1024K, 4 young (4096K), 4 survivors (4096K)
 Metaspace       used 134739K, capacity 137608K, committed 137856K, reserved 1169408K
  class space    used 16964K, capacity 18018K, committed 18048K, reserved 1048576K
}
Event: 21.356 GC heap before
{Heap before GC invocations=40 (full 0):
 garbage-first heap   total 187392K, used 154807K [0x0000000080000000, 0x0000000100000000)
  region size 1024K, 20 young (20480K), 4 survivors (4096K)
 Metaspace       used 134805K, capacity 137761K, committed 137856K, reserved 1169408K
  class space    used 16971K, capacity 18024K, committed 18048K, reserved 1048576K
}
Event: 21.370 GC heap after
{Heap after GC invocations=41 (full 0):
 garbage-first heap   total 187392K, used 143344K [0x0000000080000000, 0x0000000100000000)
  region size 1024K, 3 young (3072K), 3 survivors (3072K)
 Metaspace       used 134805K, capacity 137761K, committed 137856K, reserved 1169408K
  class space    used 16971K, capacity 18024K, committed 18048K, reserved 1048576K
}
Event: 21.442 GC heap before
{Heap before GC invocations=42 (full 0):
 garbage-first heap   total 187392K, used 156656K [0x0000000080000000, 0x0000000100000000)
  region size 1024K, 17 young (17408K), 3 survivors (3072K)
 Metaspace       used 134820K, capacity 137763K, committed 137856K, reserved 1169408K
  class space    used 16971K, capacity 18024K, committed 18048K, reserved 1048576K
}

