# JRE version: OpenJDK Runtime Environment (11.0.8+10) (build 11.0.8+10-b944.6842174)
# Java VM: OpenJDK 64-Bit Server VM (11.0.8+10-b944.6842174, mixed mode, tiered, compressed oops, g1 gc, windows-amd64)
Heap:
 garbage-first heap   total 225280K, used 159054K [0x0000000080000000, 0x0000000100000000)
  region size 1024K, 2 young (2048K), 2 survivors (2048K)
 Metaspace       used 136534K, capacity 141894K, committed 142120K, reserved 1173504K
  class space    used 16633K, capacity 18354K, committed 18380K, reserved 1048576K
GC Heap History (20 events):
Event: 966.697 GC heap after
{Heap after GC invocations=52 (full 0):
 garbage-first heap   total 187392K, used 134041K [0x0000000080000000, 0x0000000100000000)
  region size 1024K, 5 young (5120K), 5 survivors (5120K)
 Metaspace       used 132845K, capacity 138070K, committed 138152K, reserved 1169408K
  class space    used 16285K, capacity 17949K, committed 17996K, reserved 1048576K
}
Event: 967.138 GC heap before
{Heap before GC invocations=52 (full 0):
 garbage-first heap   total 187392K, used 154521K [0x0000000080000000, 0x0000000100000000)
  region size 1024K, 25 young (25600K), 5 survivors (5120K)
 Metaspace       used 133239K, capacity 138379K, committed 138536K, reserved 1169408K
  class space    used 16320K, capacity 17985K, committed 18124K, reserved 1048576K
}
Event: 967.148 GC heap after
{Heap after GC invocations=53 (full 0):
 garbage-first heap   total 187392K, used 137455K [0x0000000080000000, 0x0000000100000000)
  region size 1024K, 3 young (3072K), 3 survivors (3072K)
 Metaspace       used 133239K, capacity 138379K, committed 138536K, reserved 1169408K
  class space    used 16320K, capacity 17985K, committed 18124K, reserved 1048576K
}
Event: 967.454 GC heap before
{Heap before GC invocations=53 (full 0):
 garbage-first heap   total 187392K, used 154863K [0x0000000080000000, 0x0000000100000000)
  region size 1024K, 21 young (21504K), 3 survivors (3072K)
 Metaspace       used 133337K, capacity 138574K, committed 138792K, reserved 1169408K
  class space    used 16320K, capacity 17985K, committed 18124K, reserved 1048576K
}
Event: 967.462 GC heap after
{Heap after GC invocations=54 (full 0):
 garbage-first heap   total 187392K, used 141935K [0x0000000080000000, 0x0000000100000000)
  region size 1024K, 3 young (3072K), 3 survivors (3072K)
 Metaspace       used 133337K, capacity 138574K, committed 138792K, reserved 1169408K
  class space    used 16320K, capacity 17985K, committed 18124K, reserved 1048576K
}
Event: 967.683 GC heap before
{Heap before GC invocations=54 (full 0):
 garbage-first heap   total 187392K, used 156271K [0x0000000080000000, 0x0000000100000000)
  region size 1024K, 17 young (17408K), 3 survivors (3072K)
 Metaspace       used 133399K, capacity 138575K, committed 138792K, reserved 1169408K
  class space    used 16320K, capacity 17985K, committed 18124K, reserved 1048576K
}
Event: 967.687 GC heap after
{Heap after GC invocations=55 (full 0):
 garbage-first heap   total 187392K, used 145239K [0x0000000080000000, 0x0000000100000000)
  region size 1024K, 3 young (3072K), 3 survivors (3072K)
 Metaspace       used 133399K, capacity 138575K, committed 138792K, reserved 1169408K
  class space    used 16320K, capacity 17985K, committed 18124K, reserved 1048576K
}
Event: 967.811 GC heap before
{Heap before GC invocations=55 (full 0):
 garbage-first heap   total 187392K, used 160599K [0x0000000080000000, 0x0000000100000000)
  region size 1024K, 16 young (16384K), 3 survivors (3072K)
 Metaspace       used 133450K, capacity 138639K, committed 138792K, reserved 1169408K
  class space    used 16320K, capacity 17985K, committed 18124K, reserved 1048576K
}
Event: 967.816 GC heap after
{Heap after GC invocations=56 (full 0):
 garbage-first heap   total 187392K, used 151633K [0x0000000080000000, 0x0000000100000000)
  region size 1024K, 2 young (2048K), 2 survivors (2048K)
 Metaspace       used 133450K, capacity 138639K, committed 138792K, reserved 1169408K
  class space    used 16320K, capacity 17985K, committed 18124K, reserved 1048576K
}
Event: 967.888 GC heap before
{Heap before GC invocations=56 (full 0):
 garbage-first heap   total 187392K, used 159825K [0x0000000080000000, 0x0000000100000000)
  region size 1024K, 10 young (10240K), 2 survivors (2048K)
 Metaspace       used 133464K, capacity 138639K, committed 138792K, reserved 1169408K
  class space    used 16320K, capacity 17985K, committed 18124K, reserved 1048576K
}
Event: 967.893 GC heap after
{Heap after GC invocations=57 (full 0):
 garbage-first heap   total 187392K, used 153999K [0x0000000080000000, 0x0000000100000000)
  region size 1024K, 2 young (2048K), 2 survivors (2048K)
 Metaspace       used 133464K, capacity 138639K, committed 138792K, reserved 1169408K
  class space    used 16320K, capacity 17985K, committed 18124K, reserved 1048576K
}
Event: 967.962 GC heap before
{Heap before GC invocations=57 (full 0):
 garbage-first heap   total 187392K, used 161167K [0x0000000080000000, 0x0000000100000000)
  region size 1024K, 9 young (9216K), 2 survivors (2048K)
 Metaspace       used 133477K, capacity 138639K, committed 138792K, reserved 1169408K
  class space    used 16320K, capacity 17985K, committed 18124K, reserved 1048576K
}
Event: 967.966 GC heap after
{Heap after GC invocations=58 (full 0):
 garbage-first heap   total 187392K, used 156265K [0x0000000080000000, 0x0000000100000000)
  region size 1024K, 2 young (2048K), 2 survivors (2048K)
 Metaspace       used 133477K, capacity 138639K, committed 138792K, reserved 1169408K
  class space    used 16320K, capacity 17985K, committed 18124K, reserved 1048576K
}
Event: 968.062 GC heap before
{Heap before GC invocations=58 (full 0):
 garbage-first heap   total 187392K, used 163433K [0x0000000080000000, 0x0000000100000000)
  region size 1024K, 9 young (9216K), 2 survivors (2048K)
 Metaspace       used 133623K, capacity 138884K, committed 139048K, reserved 1171456K
  class space    used 16340K, capacity 18022K, committed 18124K, reserved 1048576K
}
Event: 968.065 GC heap after
{Heap after GC invocations=59 (full 0):
 garbage-first heap   total 187392K, used 157163K [0x0000000080000000, 0x0000000100000000)
  region size 1024K, 1 young (1024K), 1 survivors (1024K)
 Metaspace       used 133623K, capacity 138884K, committed 139048K, reserved 1171456K
  class space    used 16340K, capacity 18022K, committed 18124K, reserved 1048576K
}
Event: 968.175 GC heap before
{Heap before GC invocations=59 (full 0):
 garbage-first heap   total 187392K, used 164331K [0x0000000080000000, 0x0000000100000000)
  region size 1024K, 9 young (9216K), 1 survivors (1024K)
 Metaspace       used 134352K, capacity 139665K, committed 139816K, reserved 1171456K
  class space    used 16409K, capacity 18090K, committed 18124K, reserved 1048576K
}
Event: 968.178 GC heap after
{Heap after GC invocations=60 (full 0):
 garbage-first heap   total 187392K, used 157788K [0x0000000080000000, 0x0000000100000000)
  region size 1024K, 2 young (2048K), 2 survivors (2048K)
 Metaspace       used 134352K, capacity 139665K, committed 139816K, reserved 1171456K
  class space    used 16409K, capacity 18090K, committed 18124K, reserved 1048576K
}
Event: 968.369 GC heap before
{Heap before GC invocations=61 (full 0):
 garbage-first heap   total 187392K, used 163932K [0x0000000080000000, 0x0000000100000000)
  region size 1024K, 9 young (9216K), 2 survivors (2048K)
 Metaspace       used 136309K, capacity 141625K, committed 141864K, reserved 1173504K
  class space    used 16614K, capacity 18314K, committed 18380K, reserved 1048576K
}
Event: 968.374 GC heap after
{Heap after GC invocations=62 (full 0):
 garbage-first heap   total 187392K, used 160941K [0x0000000080000000, 0x0000000100000000)
  region size 1024K, 2 young (2048K), 2 survivors (2048K)
 Metaspace       used 136309K, capacity 141625K, committed 141864K, reserved 1173504K
  class space    used 16614K, capacity 18314K, committed 18380K, reserved 1048576K
}
Event: 968.442 GC heap before
{Heap before GC invocations=62 (full 0):
 garbage-first heap   total 187392K, used 167085K [0x0000000080000000, 0x0000000100000000)
  region size 1024K, 9 young (9216K), 2 survivors (2048K)
 Metaspace       used 136534K, capacity 141894K, committed 142120K, reserved 1173504K
  class space    used 16633K, capacity 18354K, committed 18380K, reserved 1048576K
}

