# JRE version: OpenJDK Runtime Environment (11.0.8+10) (build 11.0.8+10-b944.6842174)
# Java VM: OpenJDK 64-Bit Server VM (11.0.8+10-b944.6842174, mixed mode, tiered, compressed oops, g1 gc, windows-amd64)
Heap:
 garbage-first heap   total 225280K, used 95393K [0x0000000080000000, 0x0000000100000000)
  region size 1024K, 4 young (4096K), 4 survivors (4096K)
 Metaspace       used 81683K, capacity 83798K, committed 84176K, reserved 1122304K
  class space    used 10391K, capacity 11151K, committed 11264K, reserved 1048576K
GC Heap History (20 events):
Event: 4.004 GC heap after
{Heap after GC invocations=8 (full 0):
 garbage-first heap   total 129024K, used 24211K [0x0000000080000000, 0x0000000100000000)
  region size 1024K, 7 young (7168K), 7 survivors (7168K)
 Metaspace       used 40380K, capacity 41275K, committed 41296K, reserved 1085440K
  class space    used 5176K, capacity 5491K, committed 5504K, reserved 1048576K
}
Event: 4.613 GC heap before
{Heap before GC invocations=8 (full 0):
 garbage-first heap   total 129024K, used 85651K [0x0000000080000000, 0x0000000100000000)
  region size 1024K, 65 young (66560K), 7 survivors (7168K)
 Metaspace       used 43166K, capacity 44187K, committed 44240K, reserved 1087488K
  class space    used 5543K, capacity 5863K, committed 5888K, reserved 1048576K
}
Event: 4.622 GC heap after
{Heap after GC invocations=9 (full 0):
 garbage-first heap   total 155648K, used 34750K [0x0000000080000000, 0x0000000100000000)
  region size 1024K, 9 young (9216K), 9 survivors (9216K)
 Metaspace       used 43166K, capacity 44187K, committed 44240K, reserved 1087488K
  class space    used 5543K, capacity 5863K, committed 5888K, reserved 1048576K
}
Event: 5.548 GC heap before
{Heap before GC invocations=9 (full 0):
 garbage-first heap   total 155648K, used 104382K [0x0000000080000000, 0x0000000100000000)
  region size 1024K, 77 young (78848K), 9 survivors (9216K)
 Metaspace       used 53449K, capacity 54671K, committed 54864K, reserved 1097728K
  class space    used 6791K, capacity 7196K, committed 7296K, reserved 1048576K
}
Event: 5.557 GC heap after
{Heap after GC invocations=10 (full 0):
 garbage-first heap   total 155648K, used 40405K [0x0000000080000000, 0x0000000100000000)
  region size 1024K, 6 young (6144K), 6 survivors (6144K)
 Metaspace       used 53449K, capacity 54671K, committed 54864K, reserved 1097728K
  class space    used 6791K, capacity 7196K, committed 7296K, reserved 1048576K
}
Event: 6.176 GC heap before
{Heap before GC invocations=10 (full 0):
 garbage-first heap   total 155648K, used 82389K [0x0000000080000000, 0x0000000100000000)
  region size 1024K, 48 young (49152K), 6 survivors (6144K)
 Metaspace       used 58958K, capacity 60353K, committed 60496K, reserved 1101824K
  class space    used 7445K, capacity 7953K, committed 8064K, reserved 1048576K
}
Event: 6.185 GC heap after
{Heap after GC invocations=11 (full 0):
 garbage-first heap   total 155648K, used 42996K [0x0000000080000000, 0x0000000100000000)
  region size 1024K, 3 young (3072K), 3 survivors (3072K)
 Metaspace       used 58958K, capacity 60353K, committed 60496K, reserved 1101824K
  class space    used 7445K, capacity 7953K, committed 8064K, reserved 1048576K
}
Event: 7.126 GC heap before
{Heap before GC invocations=12 (full 0):
 garbage-first heap   total 155648K, used 112628K [0x0000000080000000, 0x0000000100000000)
  region size 1024K, 71 young (72704K), 3 survivors (3072K)
 Metaspace       used 65347K, capacity 66898K, committed 67152K, reserved 1107968K
  class space    used 8463K, capacity 9021K, committed 9088K, reserved 1048576K
}
Event: 7.134 GC heap after
{Heap after GC invocations=13 (full 0):
 garbage-first heap   total 155648K, used 48117K [0x0000000080000000, 0x0000000100000000)
  region size 1024K, 8 young (8192K), 8 survivors (8192K)
 Metaspace       used 65347K, capacity 66898K, committed 67152K, reserved 1107968K
  class space    used 8463K, capacity 9021K, committed 9088K, reserved 1048576K
}
Event: 8.124 GC heap before
{Heap before GC invocations=13 (full 0):
 garbage-first heap   total 155648K, used 116725K [0x0000000080000000, 0x0000000100000000)
  region size 1024K, 75 young (76800K), 8 survivors (8192K)
 Metaspace       used 71383K, capacity 73161K, committed 73424K, reserved 1112064K
  class space    used 9344K, capacity 9971K, committed 9984K, reserved 1048576K
}
Event: 8.133 GC heap after
{Heap after GC invocations=14 (full 0):
 garbage-first heap   total 155648K, used 52862K [0x0000000080000000, 0x0000000100000000)
  region size 1024K, 5 young (5120K), 5 survivors (5120K)
 Metaspace       used 71383K, capacity 73161K, committed 73424K, reserved 1112064K
  class space    used 9344K, capacity 9971K, committed 9984K, reserved 1048576K
}
Event: 8.859 GC heap before
{Heap before GC invocations=14 (full 0):
 garbage-first heap   total 155648K, used 118398K [0x0000000080000000, 0x0000000100000000)
  region size 1024K, 70 young (71680K), 5 survivors (5120K)
 Metaspace       used 73412K, capacity 75356K, committed 75472K, reserved 1114112K
  class space    used 9541K, capacity 10194K, committed 10240K, reserved 1048576K
}
Event: 8.869 GC heap after
{Heap after GC invocations=15 (full 0):
 garbage-first heap   total 187392K, used 59116K [0x0000000080000000, 0x0000000100000000)
  region size 1024K, 9 young (9216K), 9 survivors (9216K)
 Metaspace       used 73412K, capacity 75356K, committed 75472K, reserved 1114112K
  class space    used 9541K, capacity 10194K, committed 10240K, reserved 1048576K
}
Event: 10.052 GC heap before
{Heap before GC invocations=15 (full 0):
 garbage-first heap   total 187392K, used 134892K [0x0000000080000000, 0x0000000100000000)
  region size 1024K, 83 young (84992K), 9 survivors (9216K)
 Metaspace       used 76278K, capacity 78235K, committed 78416K, reserved 1118208K
  class space    used 9867K, capacity 10559K, committed 10624K, reserved 1048576K
}
Event: 10.065 GC heap after
{Heap after GC invocations=16 (full 0):
 garbage-first heap   total 187392K, used 69324K [0x0000000080000000, 0x0000000100000000)
  region size 1024K, 11 young (11264K), 11 survivors (11264K)
 Metaspace       used 76278K, capacity 78235K, committed 78416K, reserved 1118208K
  class space    used 9867K, capacity 10559K, committed 10624K, reserved 1048576K
}
Event: 10.811 GC heap before
{Heap before GC invocations=16 (full 0):
 garbage-first heap   total 187392K, used 148172K [0x0000000080000000, 0x0000000100000000)
  region size 1024K, 81 young (82944K), 11 survivors (11264K)
 Metaspace       used 79567K, capacity 81620K, committed 81872K, reserved 1120256K
  class space    used 10202K, capacity 10932K, committed 11008K, reserved 1048576K
}
Event: 10.827 GC heap after
{Heap after GC invocations=17 (full 0):
 garbage-first heap   total 187392K, used 88363K [0x0000000080000000, 0x0000000100000000)
  region size 1024K, 11 young (11264K), 11 survivors (11264K)
 Metaspace       used 79567K, capacity 81620K, committed 81872K, reserved 1120256K
  class space    used 10202K, capacity 10932K, committed 11008K, reserved 1048576K
}
Event: 12.000 GC heap before
{Heap before GC invocations=17 (full 0):
 garbage-first heap   total 187392K, used 143659K [0x0000000080000000, 0x0000000100000000)
  region size 1024K, 63 young (64512K), 11 survivors (11264K)
 Metaspace       used 80394K, capacity 82460K, committed 82640K, reserved 1120256K
  class space    used 10261K, capacity 10983K, committed 11008K, reserved 1048576K
}
Event: 12.014 GC heap after
{Heap after GC invocations=18 (full 0):
 garbage-first heap   total 187392K, used 98268K [0x0000000080000000, 0x0000000100000000)
  region size 1024K, 8 young (8192K), 8 survivors (8192K)
 Metaspace       used 80394K, capacity 82460K, committed 82640K, reserved 1120256K
  class space    used 10261K, capacity 10983K, committed 11008K, reserved 1048576K
}
Event: 13.621 GC heap before
{Heap before GC invocations=19 (full 0):
 garbage-first heap   total 187392K, used 157660K [0x0000000080000000, 0x0000000100000000)
  region size 1024K, 55 young (56320K), 8 survivors (8192K)
 Metaspace       used 81683K, capacity 83798K, committed 84176K, reserved 1122304K
  class space    used 10391K, capacity 11151K, committed 11264K, reserved 1048576K
}

