# JRE version: OpenJDK Runtime Environment (11.0.8+10) (build 11.0.8+10-b944.6842174)
# Java VM: OpenJDK 64-Bit Server VM (11.0.8+10-b944.6842174, mixed mode, tiered, compressed oops, g1 gc, windows-amd64)
Heap:
 garbage-first heap   total 669696K, used 205133K [0x0000000080000000, 0x0000000100000000)
  region size 1024K, 1 young (1024K), 1 survivors (1024K)
 Metaspace       used 152422K, capacity 155987K, committed 156068K, reserved 1185792K
  class space    used 19086K, capacity 20408K, committed 20480K, reserved 1048576K
GC Heap History (20 events):
Event: 98.903 GC heap after
{Heap after GC invocations=49 (full 0):
 garbage-first heap   total 280576K, used 214624K [0x0000000080000000, 0x0000000100000000)
  region size 1024K, 5 young (5120K), 5 survivors (5120K)
 Metaspace       used 152030K, capacity 155543K, committed 155684K, reserved 1185792K
  class space    used 19053K, capacity 20351K, committed 20352K, reserved 1048576K
}
Event: 99.015 GC heap before
{Heap before GC invocations=49 (full 0):
 garbage-first heap   total 280576K, used 238176K [0x0000000080000000, 0x0000000100000000)
  region size 1024K, 28 young (28672K), 5 survivors (5120K)
 Metaspace       used 152030K, capacity 155543K, committed 155684K, reserved 1185792K
  class space    used 19053K, capacity 20351K, committed 20352K, reserved 1048576K
}
Event: 99.027 GC heap after
{Heap after GC invocations=50 (full 0):
 garbage-first heap   total 280576K, used 220159K [0x0000000080000000, 0x0000000100000000)
  region size 1024K, 4 young (4096K), 4 survivors (4096K)
 Metaspace       used 152030K, capacity 155543K, committed 155684K, reserved 1185792K
  class space    used 19053K, capacity 20351K, committed 20352K, reserved 1048576K
}
Event: 99.131 GC heap before
{Heap before GC invocations=50 (full 0):
 garbage-first heap   total 280576K, used 241663K [0x0000000080000000, 0x0000000100000000)
  region size 1024K, 24 young (24576K), 4 survivors (4096K)
 Metaspace       used 152030K, capacity 155543K, committed 155684K, reserved 1185792K
  class space    used 19053K, capacity 20351K, committed 20352K, reserved 1048576K
}
Event: 99.146 GC heap after
{Heap after GC invocations=51 (full 0):
 garbage-first heap   total 280576K, used 225889K [0x0000000080000000, 0x0000000100000000)
  region size 1024K, 3 young (3072K), 3 survivors (3072K)
 Metaspace       used 152030K, capacity 155543K, committed 155684K, reserved 1185792K
  class space    used 19053K, capacity 20351K, committed 20352K, reserved 1048576K
}
Event: 99.225 GC heap before
{Heap before GC invocations=51 (full 0):
 garbage-first heap   total 280576K, used 244321K [0x0000000080000000, 0x0000000100000000)
  region size 1024K, 19 young (19456K), 3 survivors (3072K)
 Metaspace       used 152030K, capacity 155543K, committed 155684K, reserved 1185792K
  class space    used 19053K, capacity 20351K, committed 20352K, reserved 1048576K
}
Event: 99.239 GC heap after
{Heap after GC invocations=52 (full 0):
 garbage-first heap   total 280576K, used 232110K [0x0000000080000000, 0x0000000100000000)
  region size 1024K, 3 young (3072K), 3 survivors (3072K)
 Metaspace       used 152030K, capacity 155543K, committed 155684K, reserved 1185792K
  class space    used 19053K, capacity 20351K, committed 20352K, reserved 1048576K
}
Event: 99.291 GC heap before
{Heap before GC invocations=52 (full 0):
 garbage-first heap   total 280576K, used 244398K [0x0000000080000000, 0x0000000100000000)
  region size 1024K, 15 young (15360K), 3 survivors (3072K)
 Metaspace       used 152030K, capacity 155543K, committed 155684K, reserved 1185792K
  class space    used 19053K, capacity 20351K, committed 20352K, reserved 1048576K
}
Event: 99.303 GC heap after
{Heap after GC invocations=53 (full 0):
 garbage-first heap   total 280576K, used 235050K [0x0000000080000000, 0x0000000100000000)
  region size 1024K, 2 young (2048K), 2 survivors (2048K)
 Metaspace       used 152030K, capacity 155543K, committed 155684K, reserved 1185792K
  class space    used 19053K, capacity 20351K, committed 20352K, reserved 1048576K
}
Event: 99.376 GC heap before
{Heap before GC invocations=53 (full 0):
 garbage-first heap   total 280576K, used 246314K [0x0000000080000000, 0x0000000100000000)
  region size 1024K, 13 young (13312K), 2 survivors (2048K)
 Metaspace       used 152030K, capacity 155543K, committed 155684K, reserved 1185792K
  class space    used 19053K, capacity 20351K, committed 20352K, reserved 1048576K
}
Event: 99.385 GC heap after
{Heap after GC invocations=54 (full 0):
 garbage-first heap   total 280576K, used 237474K [0x0000000080000000, 0x0000000100000000)
  region size 1024K, 2 young (2048K), 2 survivors (2048K)
 Metaspace       used 152030K, capacity 155543K, committed 155684K, reserved 1185792K
  class space    used 19053K, capacity 20351K, committed 20352K, reserved 1048576K
}
Event: 99.541 GC heap before
{Heap before GC invocations=54 (full 0):
 garbage-first heap   total 280576K, used 248738K [0x0000000080000000, 0x0000000100000000)
  region size 1024K, 13 young (13312K), 2 survivors (2048K)
 Metaspace       used 152030K, capacity 155543K, committed 155684K, reserved 1185792K
  class space    used 19053K, capacity 20351K, committed 20352K, reserved 1048576K
}
Event: 99.551 GC heap after
{Heap after GC invocations=55 (full 0):
 garbage-first heap   total 336896K, used 239860K [0x0000000080000000, 0x0000000100000000)
  region size 1024K, 2 young (2048K), 2 survivors (2048K)
 Metaspace       used 152030K, capacity 155543K, committed 155684K, reserved 1185792K
  class space    used 19053K, capacity 20351K, committed 20352K, reserved 1048576K
}
Event: 99.811 GC heap before
{Heap before GC invocations=55 (full 0):
 garbage-first heap   total 336896K, used 248052K [0x0000000080000000, 0x0000000100000000)
  region size 1024K, 28 young (28672K), 2 survivors (2048K)
 Metaspace       used 152016K, capacity 155520K, committed 155684K, reserved 1185792K
  class space    used 19049K, capacity 20343K, committed 20352K, reserved 1048576K
}
Event: 99.829 GC heap after
{Heap after GC invocations=56 (full 0):
 garbage-first heap   total 336896K, used 227491K [0x0000000080000000, 0x0000000100000000)
  region size 1024K, 4 young (4096K), 4 survivors (4096K)
 Metaspace       used 152016K, capacity 155520K, committed 155684K, reserved 1185792K
  class space    used 19049K, capacity 20343K, committed 20352K, reserved 1048576K
}
Event: 100.202 GC heap before
{Heap before GC invocations=57 (full 0):
 garbage-first heap   total 336896K, used 259235K [0x0000000080000000, 0x0000000100000000)
  region size 1024K, 35 young (35840K), 4 survivors (4096K)
 Metaspace       used 152126K, capacity 155711K, committed 155812K, reserved 1185792K
  class space    used 19059K, capacity 20384K, committed 20480K, reserved 1048576K
}
Event: 100.226 GC heap after
{Heap after GC invocations=58 (full 0):
 garbage-first heap   total 336896K, used 234495K [0x0000000080000000, 0x0000000100000000)
  region size 1024K, 5 young (5120K), 5 survivors (5120K)
 Metaspace       used 152126K, capacity 155711K, committed 155812K, reserved 1185792K
  class space    used 19059K, capacity 20384K, committed 20480K, reserved 1048576K
}
Event: 100.968 GC heap before
{Heap before GC invocations=58 (full 0):
 garbage-first heap   total 336896K, used 245759K [0x0000000080000000, 0x0000000100000000)
  region size 1024K, 16 young (16384K), 5 survivors (5120K)
 Metaspace       used 152387K, capacity 155979K, committed 156068K, reserved 1185792K
  class space    used 19085K, capacity 20407K, committed 20480K, reserved 1048576K
}
Event: 100.989 GC heap after
{Heap after GC invocations=59 (full 0):
 garbage-first heap   total 336896K, used 207691K [0x0000000080000000, 0x0000000100000000)
  region size 1024K, 2 young (2048K), 2 survivors (2048K)
 Metaspace       used 152387K, capacity 155979K, committed 156068K, reserved 1185792K
  class space    used 19085K, capacity 20407K, committed 20480K, reserved 1048576K
}
Event: 101.184 GC heap before
{Heap before GC invocations=59 (full 0):
 garbage-first heap   total 336896K, used 222027K [0x0000000080000000, 0x0000000100000000)
  region size 1024K, 16 young (16384K), 2 survivors (2048K)
 Metaspace       used 152422K, capacity 155987K, committed 156068K, reserved 1185792K
  class space    used 19086K, capacity 20408K, committed 20480K, reserved 1048576K
}

