# JRE version: OpenJDK Runtime Environment (11.0.8+10) (build 11.0.8+10-b944.6842174)
# Java VM: OpenJDK 64-Bit Server VM (11.0.8+10-b944.6842174, mixed mode, tiered, compressed oops, g1 gc, windows-amd64)
Heap:
 garbage-first heap   total 225280K, used 132932K [0x0000000080000000, 0x0000000100000000)
  region size 1024K, 5 young (5120K), 5 survivors (5120K)
 Metaspace       used 129928K, capacity 132770K, committed 132884K, reserved 1165312K
  class space    used 16379K, capacity 17416K, committed 17520K, reserved 1048576K
GC Heap History (20 events):
Event: 15.186 GC heap after
{Heap after GC invocations=20 (full 0):
 garbage-first heap   total 187392K, used 76886K [0x0000000080000000, 0x0000000100000000)
  region size 1024K, 5 young (5120K), 5 survivors (5120K)
 Metaspace       used 87565K, capacity 89951K, committed 90148K, reserved 1128448K
  class space    used 11265K, capacity 12148K, committed 12160K, reserved 1048576K
}
Event: 16.715 GC heap before
{Heap before GC invocations=20 (full 0):
 garbage-first heap   total 187392K, used 152662K [0x0000000080000000, 0x0000000100000000)
  region size 1024K, 77 young (78848K), 5 survivors (5120K)
 Metaspace       used 95164K, capacity 97612K, committed 97700K, reserved 1134592K
  class space    used 12110K, capacity 13048K, committed 13056K, reserved 1048576K
}
Event: 16.720 GC heap after
{Heap after GC invocations=21 (full 0):
 garbage-first heap   total 187392K, used 80147K [0x0000000080000000, 0x0000000100000000)
  region size 1024K, 6 young (6144K), 6 survivors (6144K)
 Metaspace       used 95164K, capacity 97612K, committed 97700K, reserved 1134592K
  class space    used 12110K, capacity 13048K, committed 13056K, reserved 1048576K
}
Event: 17.063 GC heap before
{Heap before GC invocations=21 (full 0):
 garbage-first heap   total 187392K, used 102675K [0x0000000080000000, 0x0000000100000000)
  region size 1024K, 27 young (27648K), 6 survivors (6144K)
 Metaspace       used 97356K, capacity 100015K, committed 100116K, reserved 1136640K
  class space    used 12379K, capacity 13336K, committed 13424K, reserved 1048576K
}
Event: 17.080 GC heap after
{Heap after GC invocations=22 (full 0):
 garbage-first heap   total 187392K, used 85444K [0x0000000080000000, 0x0000000100000000)
  region size 1024K, 9 young (9216K), 9 survivors (9216K)
 Metaspace       used 97356K, capacity 100015K, committed 100116K, reserved 1136640K
  class space    used 12379K, capacity 13336K, committed 13424K, reserved 1048576K
}
Event: 18.789 GC heap before
{Heap before GC invocations=23 (full 0):
 garbage-first heap   total 187392K, used 157124K [0x0000000080000000, 0x0000000100000000)
  region size 1024K, 77 young (78848K), 9 survivors (9216K)
 Metaspace       used 114513K, capacity 117244K, committed 117652K, reserved 1150976K
  class space    used 14808K, capacity 15746K, committed 15856K, reserved 1048576K
}
Event: 18.825 GC heap after
{Heap after GC invocations=24 (full 0):
 garbage-first heap   total 187392K, used 91024K [0x0000000080000000, 0x0000000100000000)
  region size 1024K, 10 young (10240K), 10 survivors (10240K)
 Metaspace       used 114513K, capacity 117244K, committed 117652K, reserved 1150976K
  class space    used 14808K, capacity 15746K, committed 15856K, reserved 1048576K
}
Event: 19.675 GC heap before
{Heap before GC invocations=25 (full 0):
 garbage-first heap   total 187392K, used 154512K [0x0000000080000000, 0x0000000100000000)
  region size 1024K, 72 young (73728K), 10 survivors (10240K)
 Metaspace       used 117979K, capacity 120626K, committed 120852K, reserved 1155072K
  class space    used 15253K, capacity 16210K, committed 16240K, reserved 1048576K
}
Event: 19.687 GC heap after
{Heap after GC invocations=26 (full 0):
 garbage-first heap   total 187392K, used 101935K [0x0000000080000000, 0x0000000100000000)
  region size 1024K, 9 young (9216K), 9 survivors (9216K)
 Metaspace       used 117979K, capacity 120626K, committed 120852K, reserved 1155072K
  class space    used 15253K, capacity 16210K, committed 16240K, reserved 1048576K
}
Event: 20.000 GC heap before
{Heap before GC invocations=26 (full 0):
 garbage-first heap   total 187392K, used 130607K [0x0000000080000000, 0x0000000100000000)
  region size 1024K, 39 young (39936K), 9 survivors (9216K)
 Metaspace       used 120490K, capacity 123132K, committed 123412K, reserved 1157120K
  class space    used 15511K, capacity 16469K, committed 16496K, reserved 1048576K
}
Event: 20.007 GC heap after
{Heap after GC invocations=27 (full 0):
 garbage-first heap   total 187392K, used 97362K [0x0000000080000000, 0x0000000100000000)
  region size 1024K, 3 young (3072K), 3 survivors (3072K)
 Metaspace       used 120490K, capacity 123132K, committed 123412K, reserved 1157120K
  class space    used 15511K, capacity 16469K, committed 16496K, reserved 1048576K
}
Event: 20.974 GC heap before
{Heap before GC invocations=28 (full 0):
 garbage-first heap   total 187392K, used 155730K [0x0000000080000000, 0x0000000100000000)
  region size 1024K, 58 young (59392K), 3 survivors (3072K)
 Metaspace       used 127525K, capacity 130219K, committed 130452K, reserved 1163264K
  class space    used 16056K, capacity 17018K, committed 17136K, reserved 1048576K
}
Event: 20.979 GC heap after
{Heap after GC invocations=29 (full 0):
 garbage-first heap   total 187392K, used 97554K [0x0000000080000000, 0x0000000100000000)
  region size 1024K, 5 young (5120K), 5 survivors (5120K)
 Metaspace       used 127525K, capacity 130219K, committed 130452K, reserved 1163264K
  class space    used 16056K, capacity 17018K, committed 17136K, reserved 1048576K
}
Event: 21.249 GC heap before
{Heap before GC invocations=29 (full 0):
 garbage-first heap   total 187392K, used 152850K [0x0000000080000000, 0x0000000100000000)
  region size 1024K, 60 young (61440K), 5 survivors (5120K)
 Metaspace       used 127981K, capacity 130699K, committed 130836K, reserved 1163264K
  class space    used 16120K, capacity 17134K, committed 17264K, reserved 1048576K
}
Event: 21.257 GC heap after
{Heap after GC invocations=30 (full 0):
 garbage-first heap   total 187392K, used 105147K [0x0000000080000000, 0x0000000100000000)
  region size 1024K, 8 young (8192K), 8 survivors (8192K)
 Metaspace       used 127981K, capacity 130699K, committed 130836K, reserved 1163264K
  class space    used 16120K, capacity 17134K, committed 17264K, reserved 1048576K
}
Event: 21.618 GC heap before
{Heap before GC invocations=31 (full 0):
 garbage-first heap   total 187392K, used 154299K [0x0000000080000000, 0x0000000100000000)
  region size 1024K, 55 young (56320K), 8 survivors (8192K)
 Metaspace       used 129726K, capacity 132562K, committed 132884K, reserved 1165312K
  class space    used 16378K, capacity 17415K, committed 17520K, reserved 1048576K
}
Event: 21.631 GC heap after
{Heap after GC invocations=32 (full 0):
 garbage-first heap   total 187392K, used 116017K [0x0000000080000000, 0x0000000100000000)
  region size 1024K, 7 young (7168K), 7 survivors (7168K)
 Metaspace       used 129726K, capacity 132562K, committed 132884K, reserved 1165312K
  class space    used 16378K, capacity 17415K, committed 17520K, reserved 1048576K
}
Event: 21.815 GC heap before
{Heap before GC invocations=32 (full 0):
 garbage-first heap   total 187392K, used 152881K [0x0000000080000000, 0x0000000100000000)
  region size 1024K, 43 young (44032K), 7 survivors (7168K)
 Metaspace       used 129910K, capacity 132766K, committed 132884K, reserved 1165312K
  class space    used 16379K, capacity 17416K, committed 17520K, reserved 1048576K
}
Event: 21.837 GC heap after
{Heap after GC invocations=33 (full 0):
 garbage-first heap   total 187392K, used 125235K [0x0000000080000000, 0x0000000100000000)
  region size 1024K, 6 young (6144K), 6 survivors (6144K)
 Metaspace       used 129910K, capacity 132766K, committed 132884K, reserved 1165312K
  class space    used 16379K, capacity 17416K, committed 17520K, reserved 1048576K
}
Event: 21.945 GC heap before
{Heap before GC invocations=33 (full 0):
 garbage-first heap   total 187392K, used 152883K [0x0000000080000000, 0x0000000100000000)
  region size 1024K, 34 young (34816K), 6 survivors (6144K)
 Metaspace       used 129928K, capacity 132770K, committed 132884K, reserved 1165312K
  class space    used 16379K, capacity 17416K, committed 17520K, reserved 1048576K
}

