# JRE version: OpenJDK Runtime Environment (11.0.8+10) (build 11.0.8+10-b944.6842174)
# Java VM: OpenJDK 64-Bit Server VM (11.0.8+10-b944.6842174, mixed mode, tiered, compressed oops, g1 gc, windows-amd64)
Heap:
 garbage-first heap   total 710656K, used 194375K [0x0000000080000000, 0x0000000100000000)
  region size 1024K, 7 young (7168K), 7 survivors (7168K)
 Metaspace       used 133972K, capacity 136966K, committed 137252K, reserved 1169408K
  class space    used 16826K, capacity 17944K, committed 18048K, reserved 1048576K
GC Heap History (20 events):
Event: 24.682 GC heap after
{Heap after GC invocations=47 (full 0):
 garbage-first heap   total 155648K, used 116821K [0x0000000080000000, 0x0000000100000000)
  region size 1024K, 3 young (3072K), 3 survivors (3072K)
 Metaspace       used 131400K, capacity 134269K, committed 134308K, reserved 1165312K
  class space    used 16558K, capacity 17640K, committed 17664K, reserved 1048576K
}
Event: 24.749 GC heap before
{Heap before GC invocations=47 (full 0):
 garbage-first heap   total 155648K, used 129109K [0x0000000080000000, 0x0000000100000000)
  region size 1024K, 16 young (16384K), 3 survivors (3072K)
 Metaspace       used 131406K, capacity 134270K, committed 134308K, reserved 1165312K
  class space    used 16558K, capacity 17640K, committed 17664K, reserved 1048576K
}
Event: 24.758 GC heap after
{Heap after GC invocations=48 (full 0):
 garbage-first heap   total 155648K, used 120302K [0x0000000080000000, 0x0000000100000000)
  region size 1024K, 2 young (2048K), 2 survivors (2048K)
 Metaspace       used 131406K, capacity 134270K, committed 134308K, reserved 1165312K
  class space    used 16558K, capacity 17640K, committed 17664K, reserved 1048576K
}
Event: 24.826 GC heap before
{Heap before GC invocations=48 (full 0):
 garbage-first heap   total 155648K, used 131566K [0x0000000080000000, 0x0000000100000000)
  region size 1024K, 13 young (13312K), 2 survivors (2048K)
 Metaspace       used 131458K, capacity 134341K, committed 134564K, reserved 1167360K
  class space    used 16558K, capacity 17640K, committed 17664K, reserved 1048576K
}
Event: 24.834 GC heap after
{Heap after GC invocations=49 (full 0):
 garbage-first heap   total 189440K, used 123625K [0x0000000080000000, 0x0000000100000000)
  region size 1024K, 2 young (2048K), 2 survivors (2048K)
 Metaspace       used 131458K, capacity 134341K, committed 134564K, reserved 1167360K
  class space    used 16558K, capacity 17640K, committed 17664K, reserved 1048576K
}
Event: 24.979 GC heap before
{Heap before GC invocations=50 (full 0):
 garbage-first heap   total 189440K, used 148201K [0x0000000080000000, 0x0000000100000000)
  region size 1024K, 26 young (26624K), 2 survivors (2048K)
 Metaspace       used 131432K, capacity 134330K, committed 134564K, reserved 1167360K
  class space    used 16542K, capacity 17611K, committed 17664K, reserved 1048576K
}
Event: 24.994 GC heap after
{Heap after GC invocations=51 (full 0):
 garbage-first heap   total 189440K, used 131566K [0x0000000080000000, 0x0000000100000000)
  region size 1024K, 4 young (4096K), 4 survivors (4096K)
 Metaspace       used 131432K, capacity 134330K, committed 134564K, reserved 1167360K
  class space    used 16542K, capacity 17611K, committed 17664K, reserved 1048576K
}
Event: 25.127 GC heap before
{Heap before GC invocations=51 (full 0):
 garbage-first heap   total 189440K, used 152046K [0x0000000080000000, 0x0000000100000000)
  region size 1024K, 24 young (24576K), 4 survivors (4096K)
 Metaspace       used 131495K, capacity 134354K, committed 134564K, reserved 1167360K
  class space    used 16549K, capacity 17617K, committed 17664K, reserved 1048576K
}
Event: 25.144 GC heap after
{Heap after GC invocations=52 (full 0):
 garbage-first heap   total 189440K, used 138549K [0x0000000080000000, 0x0000000100000000)
  region size 1024K, 3 young (3072K), 3 survivors (3072K)
 Metaspace       used 131495K, capacity 134354K, committed 134564K, reserved 1167360K
  class space    used 16549K, capacity 17617K, committed 17664K, reserved 1048576K
}
Event: 25.252 GC heap before
{Heap before GC invocations=52 (full 0):
 garbage-first heap   total 189440K, used 153909K [0x0000000080000000, 0x0000000100000000)
  region size 1024K, 19 young (19456K), 3 survivors (3072K)
 Metaspace       used 131504K, capacity 134356K, committed 134564K, reserved 1167360K
  class space    used 16549K, capacity 17617K, committed 17664K, reserved 1048576K
}
Event: 25.262 GC heap after
{Heap after GC invocations=53 (full 0):
 garbage-first heap   total 189440K, used 142336K [0x0000000080000000, 0x0000000100000000)
  region size 1024K, 3 young (3072K), 3 survivors (3072K)
 Metaspace       used 131504K, capacity 134356K, committed 134564K, reserved 1167360K
  class space    used 16549K, capacity 17617K, committed 17664K, reserved 1048576K
}
Event: 25.377 GC heap before
{Heap before GC invocations=53 (full 0):
 garbage-first heap   total 189440K, used 157696K [0x0000000080000000, 0x0000000100000000)
  region size 1024K, 18 young (18432K), 3 survivors (3072K)
 Metaspace       used 131509K, capacity 134356K, committed 134564K, reserved 1167360K
  class space    used 16549K, capacity 17617K, committed 17664K, reserved 1048576K
}
Event: 25.394 GC heap after
{Heap after GC invocations=54 (full 0):
 garbage-first heap   total 363520K, used 146175K [0x0000000080000000, 0x0000000100000000)
  region size 1024K, 3 young (3072K), 3 survivors (3072K)
 Metaspace       used 131509K, capacity 134356K, committed 134564K, reserved 1167360K
  class space    used 16549K, capacity 17617K, committed 17664K, reserved 1048576K
}
Event: 25.792 GC heap before
{Heap before GC invocations=55 (full 0):
 garbage-first heap   total 363520K, used 216831K [0x0000000080000000, 0x0000000100000000)
  region size 1024K, 69 young (70656K), 3 survivors (3072K)
 Metaspace       used 131511K, capacity 134356K, committed 134564K, reserved 1167360K
  class space    used 16550K, capacity 17617K, committed 17664K, reserved 1048576K
}
Event: 25.811 GC heap after
{Heap after GC invocations=56 (full 0):
 garbage-first heap   total 363520K, used 163677K [0x0000000080000000, 0x0000000100000000)
  region size 1024K, 9 young (9216K), 9 survivors (9216K)
 Metaspace       used 131511K, capacity 134356K, committed 134564K, reserved 1167360K
  class space    used 16550K, capacity 17617K, committed 17664K, reserved 1048576K
}
Event: 26.103 GC heap before
{Heap before GC invocations=56 (full 0):
 garbage-first heap   total 363520K, used 231261K [0x0000000080000000, 0x0000000100000000)
  region size 1024K, 74 young (75776K), 9 survivors (9216K)
 Metaspace       used 131512K, capacity 134356K, committed 134564K, reserved 1167360K
  class space    used 16550K, capacity 17617K, committed 17664K, reserved 1048576K
}
Event: 26.129 GC heap after
{Heap after GC invocations=57 (full 0):
 garbage-first heap   total 363520K, used 179195K [0x0000000080000000, 0x0000000100000000)
  region size 1024K, 10 young (10240K), 10 survivors (10240K)
 Metaspace       used 131512K, capacity 134356K, committed 134564K, reserved 1167360K
  class space    used 16550K, capacity 17617K, committed 17664K, reserved 1048576K
}
Event: 26.742 GC heap before
{Heap before GC invocations=57 (full 0):
 garbage-first heap   total 363520K, used 245755K [0x0000000080000000, 0x0000000100000000)
  region size 1024K, 75 young (76800K), 10 survivors (10240K)
 Metaspace       used 132245K, capacity 135162K, committed 135460K, reserved 1167360K
  class space    used 16632K, capacity 17730K, committed 17792K, reserved 1048576K
}
Event: 26.766 GC heap after
{Heap after GC invocations=58 (full 0):
 garbage-first heap   total 363520K, used 188231K [0x0000000080000000, 0x0000000100000000)
  region size 1024K, 8 young (8192K), 8 survivors (8192K)
 Metaspace       used 132245K, capacity 135162K, committed 135460K, reserved 1167360K
  class space    used 16632K, capacity 17730K, committed 17792K, reserved 1048576K
}
Event: 27.657 GC heap before
{Heap before GC invocations=59 (full 0):
 garbage-first heap   total 363520K, used 255815K [0x0000000080000000, 0x0000000100000000)
  region size 1024K, 74 young (75776K), 8 survivors (8192K)
 Metaspace       used 133972K, capacity 136966K, committed 137252K, reserved 1169408K
  class space    used 16826K, capacity 17944K, committed 18048K, reserved 1048576K
}

